2018-10-12 13:10:12 ::1 (pid 392) :Pub:!INFO: spip_connect: fichier de connexion '' non trouve
2018-10-12 13:10:12 ::1 (pid 392) :Pub:!INFO: Probleme de configuration opcache.revalidate_freq 2s
2018-10-12 13:14:39 ::1 (pid 392) :Pri:!INFO: spip_connect: fichier de connexion '' non trouve
2018-10-12 13:28:36 ::1 (pid 392) :Pri:!INFO: Probleme de configuration opcache.revalidate_freq 2s
2018-10-12 13:28:40 ::1 (pid 392) :Pri:cf maj.log
2018-10-12 13:28:40 ::1 (pid 392) :Pri:cf maj.log
2018-10-12 13:28:40 ::1 (pid 392) :Pri:cf maj.log
2018-10-12 13:28:40 ::1 (pid 392) :Pri:cf maj.log
2018-10-12 13:28:40 ::1 (pid 392) :Pri:cf maj.log
2018-10-12 13:28:40 ::1 (pid 392) :Pri:cf maj.log
2018-10-12 13:28:40 ::1 (pid 392) :Pri:cf maj.log
2018-10-12 13:28:40 ::1 (pid 392) :Pri:cf maj.log
2018-10-12 13:28:40 ::1 (pid 392) :Pri:cf maj.log
2018-10-12 13:28:40 ::1 (pid 392) :Pri:cf maj.log
2018-10-12 13:28:40 ::1 (pid 392) :Pri:cf maj.log
2018-10-12 13:28:40 ::1 (pid 392) :Pri:cf maj.log
2018-10-12 13:28:40 ::1 (pid 392) :Pri:cf maj.log
2018-10-12 13:28:40 ::1 (pid 392) :Pri:cf maj.log
2018-10-12 13:28:40 ::1 (pid 392) :Pri:ERREUR: Erreur mysql 1146
2018-10-12 13:28:40 ::1 (pid 392) :Pri:ERREUR: Erreur mysql 1146
2018-10-12 13:28:40 ::1 (pid 392) :Pri:!INFO: trouver_table: table inconnue '' 'spip_mots_articles'
2018-10-12 13:28:40 ::1 (pid 392) :Pri:cf maj.log
2018-10-12 13:28:40 ::1 (pid 392) :Pri:cf maj.log
2018-10-12 13:28:40 ::1 (pid 392) :Pri:cf maj.log
2018-10-12 13:28:40 ::1 (pid 392) :Pri:cf maj.log
2018-10-12 13:28:40 ::1 (pid 392) :Pri:cf maj.log
2018-10-12 13:28:40 ::1 (pid 392) :Pri:cf maj.log
2018-10-12 13:28:40 ::1 (pid 392) :Pri:cf maj.log
2018-10-12 13:28:40 ::1 (pid 392) :Pri:cf maj.log
2018-10-12 13:28:40 ::1 (pid 392) :Pri:cf maj.log
2018-10-12 13:28:40 ::1 (pid 392) :Pri:cf maj.log
2018-10-12 13:28:40 ::1 (pid 392) :Pri:cf maj.log
2018-10-12 13:28:40 ::1 (pid 392) :Pri:cf maj.log
2018-10-12 13:28:40 ::1 (pid 392) :Pri:cf maj.log
2018-10-12 13:28:40 ::1 (pid 392) :Pri:cf maj.log
2018-10-12 13:28:40 ::1 (pid 392) :Pri:cf maj.log
2018-10-12 13:28:40 ::1 (pid 392) :Pri:cf maj.log
2018-10-12 13:28:40 ::1 (pid 392) :Pri:cf maj.log
2018-10-12 13:28:40 ::1 (pid 392) :Pri:cf maj.log
2018-10-12 13:28:40 ::1 (pid 392) :Pri:cf maj.log
2018-10-12 13:28:40 ::1 (pid 392) :Pri:cf maj.log
2018-10-12 13:28:40 ::1 (pid 392) :Pri:cf maj.log
2018-10-12 13:28:40 ::1 (pid 392) :Pri:cf maj.log
2018-10-12 13:28:40 ::1 (pid 392) :Pri:cf maj.log
2018-10-12 13:28:40 ::1 (pid 392) :Pri:cf maj.log
2018-10-12 13:28:40 ::1 (pid 392) :Pri:cf maj.log
2018-10-12 13:28:40 ::1 (pid 392) :Pri:cf maj.log
2018-10-12 13:28:40 ::1 (pid 392) :Pri:cf maj.log
2018-10-12 13:28:40 ::1 (pid 392) :Pri:cf maj.log
2018-10-12 13:28:40 ::1 (pid 392) :Pri:cf maj.log
2018-10-12 13:28:40 ::1 (pid 392) :Pri:cf maj.log
2018-10-12 13:28:40 ::1 (pid 392) :Pri:cf maj.log
2018-10-12 13:28:40 ::1 (pid 392) :Pri:cf maj.log
2018-10-12 13:28:40 ::1 (pid 392) :Pri:cf maj.log
2018-10-12 13:28:40 ::1 (pid 392) :Pri:cf maj.log
2018-10-12 13:28:40 ::1 (pid 392) :Pri:cf maj.log
2018-10-12 13:28:40 ::1 (pid 392) :Pri:cf maj.log
2018-10-12 13:28:40 ::1 (pid 392) :Pri:cf maj.log
2018-10-12 13:28:40 ::1 (pid 392) :Pri:cf maj.log
2018-10-12 13:28:40 ::1 (pid 392) :Pri:cf maj.log
2018-10-12 13:28:40 ::1 (pid 392) :Pri:cf maj.log
2018-10-12 13:28:40 ::1 (pid 392) :Pri:cf maj.log
2018-10-12 13:28:40 ::1 (pid 392) :Pri:cf maj.log
2018-10-12 13:28:40 ::1 (pid 392) :Pri:cf maj.log
2018-10-12 13:28:40 ::1 (pid 392) :Pri:cf maj.log
2018-10-12 13:28:40 ::1 (pid 392) :Pri:cf maj.log
2018-10-12 13:28:40 ::1 (pid 392) :Pri:cf maj.log
2018-10-12 13:28:40 ::1 (pid 392) :Pri:cf maj.log
2018-10-12 13:28:40 ::1 (pid 392) :Pri:cf maj.log
2018-10-12 13:28:40 ::1 (pid 392) :Pri:cf maj.log
2018-10-12 13:28:40 ::1 (pid 392) :Pri:cf maj.log
2018-10-12 13:28:40 ::1 (pid 392) :Pri:cf maj.log
2018-10-12 13:28:40 ::1 (pid 392) :Pri:cf maj.log
2018-10-12 13:28:40 ::1 (pid 392) :Pri:cf maj.log
2018-10-12 13:28:40 ::1 (pid 392) :Pri:cf maj.log
2018-10-12 13:28:40 ::1 (pid 392) :Pri:cf maj.log
2018-10-12 13:28:40 ::1 (pid 392) :Pri:cf maj.log
2018-10-12 13:28:40 ::1 (pid 392) :Pri:cf maj.log
2018-10-12 13:28:40 ::1 (pid 392) :Pri:cf maj.log
2018-10-12 13:28:40 ::1 (pid 392) :Pri:cf maj.log
2018-10-12 13:28:40 ::1 (pid 392) :Pri:cf maj.log
2018-10-12 13:28:40 ::1 (pid 392) :Pri:cf maj.log
2018-10-12 13:28:40 ::1 (pid 392) :Pri:cf maj.log
2018-10-12 13:28:40 ::1 (pid 392) :Pri:cf maj.log
2018-10-12 13:28:40 ::1 (pid 392) :Pri:cf maj.log
2018-10-12 13:28:40 ::1 (pid 392) :Pri:cf maj.log
2018-10-12 13:28:40 ::1 (pid 392) :Pri:cf maj.log
2018-10-12 13:28:40 ::1 (pid 392) :Pri:cf maj.log
2018-10-12 13:28:40 ::1 (pid 392) :Pri:cf maj.log
2018-10-12 13:28:40 ::1 (pid 392) :Pri:cf maj.log
2018-10-12 13:28:40 ::1 (pid 392) :Pri:cf maj.log
2018-10-12 13:28:40 ::1 (pid 392) :Pri:cf maj.log
2018-10-12 13:28:40 ::1 (pid 392) :Pri:cf maj.log
2018-10-12 13:28:40 ::1 (pid 392) :Pri:cf maj.log
2018-10-12 13:28:45 ::1 (pid 392) :Pri:!INFO: Creation du cache 364969e1b393c7d0de049a82e06dcef5.cache pour 604800 secondes
2018-10-12 13:28:45 ::1 (pid 392) :Pri:!INFO: Creation du cache 1eb0077b1413182a83a6350e9bbdb53e.cache pour 360000 secondes
2018-10-12 13:28:45 ::1 (pid 392) :Pri:!INFO: Creation du cache 4ff83e31b8f6e7a7bc240b7ba54674e9.cache pour 360000 secondes
2018-10-12 13:28:45 ::1 (pid 392) :Pri:!INFO: Creation du cache abc030b3514e0ee903f4516f30eb84fc.cache pour 360000 secondes
2018-10-12 13:28:45 ::1 (pid 392) :Pri:!INFO: Creation du cache 8430908e2485fb9b661607368dd8e0dd.cache pour 360000 secondes
2018-10-12 13:28:46 ::1 (pid 392) :Pri:!INFO: Creation du cache fb1f38a7eca1244dddb08e4b939c89ca.cache pour 360000 secondes
2018-10-12 13:28:46 ::1 (pid 392) :Pri:!INFO: Creation du cache fa1ee87855a7481e896b65e3d58fcbab.cache pour 360000 secondes
2018-10-12 13:28:46 ::1 (pid 392) :Pri:!INFO: Creation du cache 8390f85ec0405d880461bbbeb74c8cc0.cache pour 360000 secondes
2018-10-12 13:28:46 ::1 (pid 392) :Pri:!INFO: Creation du cache 1469fa0d7a1439f7857280d4fe6ecce7.cache pour 360000 secondes
2018-10-12 13:28:46 ::1 (pid 392) :Pri:!INFO: Creation du cache 9ca2f443b43b3d1eee4b67d072655a40.cache pour 360000 secondes
2018-10-12 13:28:46 ::1 (pid 392) :Pri:!INFO: Creation du cache e8abffd437219f941f3b7a5c3faf143e.cache pour 360000 secondes
2018-10-12 13:28:46 ::1 (pid 392) :Pri:!INFO: Creation du cache b9ba4a69596b5a2d74e1e56411e35acb.cache pour 360000 secondes
2018-10-12 13:28:46 ::1 (pid 392) :Pri:!INFO: Creation du cache dfbeaab9099f7c652ffe107ddbef0a46.cache pour 360000 secondes
2018-10-12 13:28:46 ::1 (pid 392) :Pri:!INFO: Creation du cache 35312273aa76cf1b18f1828178a788a8.cache pour 360000 secondes
2018-10-12 13:28:46 ::1 (pid 392) :Pri:!INFO: Creation du cache b88dc9c6d824ea45c1c7f34af2cdfdbc.cache pour 360000 secondes
2018-10-12 13:28:46 ::1 (pid 392) :Pri:!INFO: Creation du cache b4e5a2c518d45441f0efeee5ff555ea8.cache pour 360000 secondes
2018-10-12 13:28:46 ::1 (pid 392) :Pri:!INFO: Creation du cache c065b9c43573c3155bc8c5dd195c7243.cache pour 360000 secondes
2018-10-12 13:28:46 ::1 (pid 392) :Pri:!INFO: Creation du cache b0b4d887ec01de5d91514fdf8f328d14.cache pour 360000 secondes
2018-10-12 13:28:46 ::1 (pid 392) :Pri:!INFO: Creation du cache eb594e2b0992ff8e1ab2411ca4f56762.cache pour 360000 secondes
2018-10-12 13:28:46 ::1 (pid 392) :Pri:!INFO: Creation du cache 9964ee7d83b532dd4338b6555c36f3f2.cache pour 360000 secondes
2018-10-12 13:28:46 ::1 (pid 392) :Pri:!INFO: Creation du cache f1e474e29dac29e271c7f01e254e12a7.cache pour 360000 secondes
2018-10-12 13:28:46 ::1 (pid 392) :Pri:!INFO: Creation du cache 6fd0c8a9ac3e7cc56853b7e5919e29f5.cache pour 360000 secondes
2018-10-12 13:28:46 ::1 (pid 392) :Pri:!INFO: Creation du cache 1e697fef5808f22195babcdefe989155.cache pour 360000 secondes
2018-10-12 13:28:46 ::1 (pid 392) :Pri:!INFO: Creation du cache a28ad0cc489cd9fd6d2a469dceeeb66c.cache pour 360000 secondes
2018-10-12 13:28:46 ::1 (pid 392) :Pri:!INFO: Creation du cache 34f6097ed2f4e1cb2443d70753286b6f.cache pour 360000 secondes
2018-10-12 13:28:46 ::1 (pid 392) :Pri:!INFO: Creation du cache 60afb364c7e8b3651df32c8afca65e1e.cache pour 360000 secondes
2018-10-12 13:28:46 ::1 (pid 392) :Pri:!INFO: Creation du cache 8afaaf8c85d2df72636ed57db7a5bd07.cache pour 360000 secondes
2018-10-12 13:28:48 ::1 (pid 392) :Pri:!INFO: Creation du cache 45dd872bcead50c19a27ffe086a528ee.cache pour 86400 secondes
2018-10-12 13:52:00 ::1 (pid 392) :Pub:!INFO: Creation du cache 5e6ff98e6affb411ae829d3aec76e3d4.cache pour 86400 secondes
2018-10-12 13:52:01 ::1 (pid 392) :Pub:!INFO: Creation du cache 01f8d47876a3615aadc70b5b1c5695aa.cache pour 86400 secondes
2018-10-12 13:52:01 ::1 (pid 392) :Pub:!INFO: Creation du cache c26f22701ad1482a6ea7498b8014ab64.cache pour 604800 secondes
2018-10-12 13:52:01 ::1 (pid 392) :Pub:!INFO: Creation du cache ee8010794cf14a58d8e1f33642aa69e2.cache pour 86400 secondes
2018-10-12 13:52:01 ::1 (pid 392) :Pub:!INFO: Creation du cache cb55437b1b50c478b655526a5cee8003.cache pour 86400 secondes
2018-10-12 13:52:01 ::1 (pid 392) :Pub:!INFO: Creation du cache bcdbffa0ebb2cac02325478780a34d02.cache pour 86400 secondes
2018-10-12 13:52:01 ::1 (pid 392) :Pub:!INFO: Creation du cache 34ec710e3a5b7dff7c4565ca5cbea719.cache pour 86400 secondes
2018-10-12 13:52:01 ::1 (pid 392) :Pub:!INFO: Creation du cache 017907aaa9438df8fa76f0b35517d473.cache pour 86400 secondes
2018-10-12 13:52:01 ::1 (pid 392) :Pub:!INFO: Creation du cache bd51f7f47b80d4b6a29dd87b423c0158.cache pour 3600 secondes
2018-10-12 13:52:01 ::1 (pid 392) :Pub:!INFO: Creation du cache fe1dc499f972e3ade97375f82d48c653.cache pour 86400 secondes
2018-10-12 13:53:47 ::1 (pid 392) :Pri:!INFO: Creation du cache e1297f8f0f0504f51e8276dd79c16e56.cache pour 86400 secondes
2018-10-12 13:53:58 ::1 (pid 392) :Pri:!INFO: Creation du cache a847b1e6caebae8f77e89c4871ec89f8.cache pour 86400 secondes
2018-10-12 13:54:20 ::1 (pid 392) :Pub:!INFO: Creation du cache 5e6ff98e6affb411ae829d3aec76e3d4.cache pour 86400 secondes
2018-10-12 13:54:20 ::1 (pid 392) :Pub:!INFO: Creation du cache 01f8d47876a3615aadc70b5b1c5695aa.cache pour 86400 secondes
2018-10-12 13:54:20 ::1 (pid 392) :Pub:!INFO: Creation du cache c26f22701ad1482a6ea7498b8014ab64.cache pour 604800 secondes
2018-10-12 13:54:20 ::1 (pid 392) :Pub:!INFO: Creation du cache ee8010794cf14a58d8e1f33642aa69e2.cache pour 86400 secondes
2018-10-12 13:54:20 ::1 (pid 392) :Pub:!INFO: Creation du cache cb55437b1b50c478b655526a5cee8003.cache pour 86400 secondes
2018-10-12 13:54:20 ::1 (pid 392) :Pub:!INFO: Creation du cache 7fdfe7d78da797d23d1ff82708bf278a.cache pour 86400 secondes
2018-10-12 13:54:20 ::1 (pid 392) :Pub:!INFO: Creation du cache 103289792ce0f1f5dc608d75e69736bc.cache pour 86400 secondes
2018-10-12 13:54:20 ::1 (pid 392) :Pub:!INFO: Creation du cache 017907aaa9438df8fa76f0b35517d473.cache pour 86400 secondes
2018-10-12 13:54:20 ::1 (pid 392) :Pub:!INFO: Creation du cache bd51f7f47b80d4b6a29dd87b423c0158.cache pour 3600 secondes
2018-10-12 13:54:20 ::1 (pid 392) :Pub:!INFO: Creation du cache 3fd25470040e2cec35f786a3357e2990.cache pour 86400 secondes
2018-10-12 13:56:58 ::1 (pid 392) :Pub:!INFO: Creation du cache 184420361e31593f223a5d62e6ad498c.cache pour 86400 secondes
2018-10-12 13:57:09 ::1 (pid 392) :Pri:!INFO: Creation du cache 7f5a1f1d9b3ee30e089a53c5a2958b5c.cache pour 86400 secondes
2018-10-12 13:57:36 ::1 (pid 392) :Pri:!INFO: Creation du cache 96682000981493e746c40547ac0582f5.cache pour 86400 secondes
2018-10-12 13:58:41 ::1 (pid 392) :Pri:!INFO: Creation du cache 761848f55116ceffa50740d0b7ef76d8.cache pour 86400 secondes
2018-10-12 13:58:48 ::1 (pid 392) :Pub:!INFO: Creation du cache 5e6ff98e6affb411ae829d3aec76e3d4.cache pour 86400 secondes
2018-10-12 13:58:48 ::1 (pid 392) :Pub:!INFO: Creation du cache 01f8d47876a3615aadc70b5b1c5695aa.cache pour 86400 secondes
2018-10-12 13:58:48 ::1 (pid 392) :Pub:!INFO: Creation du cache ee8010794cf14a58d8e1f33642aa69e2.cache pour 86400 secondes
2018-10-12 13:58:48 ::1 (pid 392) :Pub:!INFO: Creation du cache cb55437b1b50c478b655526a5cee8003.cache pour 86400 secondes
2018-10-12 13:58:48 ::1 (pid 392) :Pub:!INFO: Creation du cache 5e9fc251457da6fb698ceffd6b2890ce.cache pour 86400 secondes
2018-10-12 13:58:48 ::1 (pid 392) :Pub:!INFO: Creation du cache fb608e7f6dd876dddcfa9975a2a8eca6.cache pour 86400 secondes
2018-10-12 13:58:48 ::1 (pid 392) :Pub:!INFO: Creation du cache 017907aaa9438df8fa76f0b35517d473.cache pour 86400 secondes
2018-10-12 13:58:48 ::1 (pid 392) :Pub:!INFO: Creation du cache bd51f7f47b80d4b6a29dd87b423c0158.cache pour 3600 secondes
2018-10-12 13:58:48 ::1 (pid 392) :Pub:!INFO: Creation du cache 160a1b81b9ea6d23f474665d5db784de.cache pour 86400 secondes
2018-10-12 13:58:49 ::1 (pid 392) :Pub:!INFO: Creation du cache 5e6ff98e6affb411ae829d3aec76e3d4.cache pour 86400 secondes
2018-10-12 13:58:49 ::1 (pid 392) :Pub:!INFO: Creation du cache 01f8d47876a3615aadc70b5b1c5695aa.cache pour 86400 secondes
2018-10-12 13:58:49 ::1 (pid 392) :Pub:!INFO: Creation du cache c26f22701ad1482a6ea7498b8014ab64.cache pour 604800 secondes
2018-10-12 13:58:49 ::1 (pid 392) :Pub:!INFO: Creation du cache ee8010794cf14a58d8e1f33642aa69e2.cache pour 86400 secondes
2018-10-12 13:58:49 ::1 (pid 392) :Pub:!INFO: Creation du cache cb55437b1b50c478b655526a5cee8003.cache pour 86400 secondes
2018-10-12 13:58:49 ::1 (pid 392) :Pub:!INFO: Creation du cache 54f078c77ec73b5fea1da1c1c6096015.cache pour 86400 secondes
2018-10-12 13:58:49 ::1 (pid 392) :Pub:!INFO: Creation du cache 85fbdf3f534f94691419ac7c396c1dcc.cache pour 86400 secondes
2018-10-12 13:58:49 ::1 (pid 392) :Pub:!INFO: Creation du cache 017907aaa9438df8fa76f0b35517d473.cache pour 86400 secondes
2018-10-12 13:58:49 ::1 (pid 392) :Pub:!INFO: Creation du cache bd51f7f47b80d4b6a29dd87b423c0158.cache pour 3600 secondes
2018-10-12 13:58:49 ::1 (pid 392) :Pub:!INFO: Creation du cache 75846ba36d4e7dff4ddb075c73253ac8.cache pour 86400 secondes
2018-10-12 13:59:22 ::1 (pid 392) :Pub:!INFO: Creation du cache 5e6ff98e6affb411ae829d3aec76e3d4.cache pour 86400 secondes
2018-10-12 13:59:22 ::1 (pid 392) :Pub:!INFO: Creation du cache 01f8d47876a3615aadc70b5b1c5695aa.cache pour 86400 secondes
2018-10-12 13:59:22 ::1 (pid 392) :Pub:!INFO: Creation du cache c26f22701ad1482a6ea7498b8014ab64.cache pour 604800 secondes
2018-10-12 13:59:22 ::1 (pid 392) :Pub:!INFO: Creation du cache ee8010794cf14a58d8e1f33642aa69e2.cache pour 86400 secondes
2018-10-12 13:59:22 ::1 (pid 392) :Pub:!INFO: Creation du cache cb55437b1b50c478b655526a5cee8003.cache pour 86400 secondes
2018-10-12 13:59:22 ::1 (pid 392) :Pub:!INFO: Creation du cache a3371329a9e419b3e63b890af9cc9e54.cache pour 86400 secondes
2018-10-12 13:59:22 ::1 (pid 392) :Pub:!INFO: Creation du cache 689269dedaed043cce478595b01c72ba.cache pour 86400 secondes
2018-10-12 13:59:23 ::1 (pid 392) :Pub:!INFO: Creation du cache 017907aaa9438df8fa76f0b35517d473.cache pour 86400 secondes
2018-10-12 13:59:23 ::1 (pid 392) :Pub:!INFO: Creation du cache bd51f7f47b80d4b6a29dd87b423c0158.cache pour 3600 secondes
2018-10-12 13:59:23 ::1 (pid 392) :Pub:!INFO: Creation du cache 01dce0fdbf6bf57ceb20dd6e0f9f0384.cache pour 86400 secondes
2018-10-12 13:59:27 ::1 (pid 392) :Pub:!INFO: Creation du cache 5e6ff98e6affb411ae829d3aec76e3d4.cache pour 86400 secondes
2018-10-12 13:59:27 ::1 (pid 392) :Pub:!INFO: Creation du cache 01f8d47876a3615aadc70b5b1c5695aa.cache pour 86400 secondes
2018-10-12 13:59:27 ::1 (pid 392) :Pub:!INFO: Creation du cache c26f22701ad1482a6ea7498b8014ab64.cache pour 604800 secondes
2018-10-12 13:59:27 ::1 (pid 392) :Pub:!INFO: Creation du cache ee8010794cf14a58d8e1f33642aa69e2.cache pour 86400 secondes
2018-10-12 13:59:27 ::1 (pid 392) :Pub:!INFO: Creation du cache cb55437b1b50c478b655526a5cee8003.cache pour 86400 secondes
2018-10-12 13:59:27 ::1 (pid 392) :Pub:!INFO: Creation du cache 6ab0a5267efdfba70af7ebe0fdc0b930.cache pour 86400 secondes
2018-10-12 13:59:27 ::1 (pid 392) :Pub:!INFO: Creation du cache 5d37c04d37141b1e483ce2bacbe93fca.cache pour 86400 secondes
2018-10-12 13:59:27 ::1 (pid 392) :Pub:!INFO: Creation du cache 017907aaa9438df8fa76f0b35517d473.cache pour 86400 secondes
2018-10-12 13:59:27 ::1 (pid 392) :Pub:!INFO: Creation du cache bd51f7f47b80d4b6a29dd87b423c0158.cache pour 3600 secondes
2018-10-12 13:59:27 ::1 (pid 392) :Pub:!INFO: Creation du cache 1c375f40ab8b6c69eeb7d189e07755d3.cache pour 86400 secondes
2018-10-12 13:59:34 ::1 (pid 392) :Pub:!INFO: Creation du cache 5e6ff98e6affb411ae829d3aec76e3d4.cache pour 86400 secondes
2018-10-12 13:59:34 ::1 (pid 392) :Pub:!INFO: Creation du cache 01f8d47876a3615aadc70b5b1c5695aa.cache pour 86400 secondes
2018-10-12 13:59:34 ::1 (pid 392) :Pub:!INFO: Creation du cache c26f22701ad1482a6ea7498b8014ab64.cache pour 604800 secondes
2018-10-12 13:59:34 ::1 (pid 392) :Pub:!INFO: Creation du cache ee8010794cf14a58d8e1f33642aa69e2.cache pour 86400 secondes
2018-10-12 13:59:35 ::1 (pid 392) :Pub:!INFO: Creation du cache cb55437b1b50c478b655526a5cee8003.cache pour 86400 secondes
2018-10-12 13:59:35 ::1 (pid 392) :Pub:!INFO: Creation du cache 7e913905c3a6896a95c0c8b4947df5c0.cache pour 86400 secondes
2018-10-12 13:59:35 ::1 (pid 392) :Pub:!INFO: Creation du cache 38583c92f3a27e8cc96b9f948696359f.cache pour 86400 secondes
2018-10-12 13:59:35 ::1 (pid 392) :Pub:!INFO: Creation du cache 017907aaa9438df8fa76f0b35517d473.cache pour 86400 secondes
2018-10-12 13:59:35 ::1 (pid 392) :Pub:!INFO: Creation du cache bd51f7f47b80d4b6a29dd87b423c0158.cache pour 3600 secondes
2018-10-12 13:59:35 ::1 (pid 392) :Pub:!INFO: Creation du cache 4ec2789ca143b1ba9b57fe9a795055fa.cache pour 86400 secondes
2018-10-12 13:59:40 ::1 (pid 392) :Pub:!INFO: Creation du cache 5e6ff98e6affb411ae829d3aec76e3d4.cache pour 86400 secondes
2018-10-12 13:59:40 ::1 (pid 392) :Pub:!INFO: Creation du cache 01f8d47876a3615aadc70b5b1c5695aa.cache pour 86400 secondes
2018-10-12 13:59:40 ::1 (pid 392) :Pub:!INFO: Creation du cache c26f22701ad1482a6ea7498b8014ab64.cache pour 604800 secondes
2018-10-12 13:59:40 ::1 (pid 392) :Pub:!INFO: Creation du cache ee8010794cf14a58d8e1f33642aa69e2.cache pour 86400 secondes
2018-10-12 13:59:40 ::1 (pid 392) :Pub:!INFO: Creation du cache cb55437b1b50c478b655526a5cee8003.cache pour 86400 secondes
2018-10-12 13:59:40 ::1 (pid 392) :Pub:!INFO: Creation du cache ed7f15104b83b80e69bf98ee926c8c7b.cache pour 86400 secondes
2018-10-12 13:59:40 ::1 (pid 392) :Pub:!INFO: Creation du cache ba685369abd66b8e22d2c0b38ae432c8.cache pour 86400 secondes
2018-10-12 13:59:40 ::1 (pid 392) :Pub:!INFO: Creation du cache 017907aaa9438df8fa76f0b35517d473.cache pour 86400 secondes
2018-10-12 13:59:40 ::1 (pid 392) :Pub:!INFO: Creation du cache bd51f7f47b80d4b6a29dd87b423c0158.cache pour 3600 secondes
2018-10-12 13:59:40 ::1 (pid 392) :Pub:!INFO: Creation du cache e091f26e9eb09924c52b27962e3c804c.cache pour 86400 secondes
2018-10-12 13:59:42 ::1 (pid 392) :Pub:!INFO: Creation du cache 5e6ff98e6affb411ae829d3aec76e3d4.cache pour 86400 secondes
2018-10-12 13:59:42 ::1 (pid 392) :Pub:!INFO: Creation du cache 01f8d47876a3615aadc70b5b1c5695aa.cache pour 86400 secondes
2018-10-12 13:59:42 ::1 (pid 392) :Pub:!INFO: Creation du cache c26f22701ad1482a6ea7498b8014ab64.cache pour 604800 secondes
2018-10-12 13:59:42 ::1 (pid 392) :Pub:!INFO: Creation du cache ee8010794cf14a58d8e1f33642aa69e2.cache pour 86400 secondes
2018-10-12 13:59:43 ::1 (pid 392) :Pub:!INFO: Creation du cache cb55437b1b50c478b655526a5cee8003.cache pour 86400 secondes
2018-10-12 13:59:43 ::1 (pid 392) :Pub:!INFO: Creation du cache 10f0ae764f7d5769b23e9f4ee5d21d1c.cache pour 86400 secondes
2018-10-12 13:59:43 ::1 (pid 392) :Pub:!INFO: Creation du cache 9e812cbae5a73b760e9e49d0b31d80fa.cache pour 86400 secondes
2018-10-12 13:59:43 ::1 (pid 392) :Pub:!INFO: Creation du cache 017907aaa9438df8fa76f0b35517d473.cache pour 86400 secondes
2018-10-12 13:59:43 ::1 (pid 392) :Pub:!INFO: Creation du cache bd51f7f47b80d4b6a29dd87b423c0158.cache pour 3600 secondes
2018-10-12 13:59:43 ::1 (pid 392) :Pub:!INFO: Creation du cache bed5d91a12d0869b3bc672cba1a82bb8.cache pour 86400 secondes
2018-10-12 14:02:02 ::1 (pid 392) :Pri:ERREUR: fonction execute_pipeline_notifications_destinataires absente : pipeline desactive
2018-10-12 14:02:05 ::1 (pid 392) :Pub:!INFO: Creation du cache 5e6ff98e6affb411ae829d3aec76e3d4.cache pour 86400 secondes
2018-10-12 14:02:05 ::1 (pid 392) :Pub:!INFO: Creation du cache 01f8d47876a3615aadc70b5b1c5695aa.cache pour 86400 secondes
2018-10-12 14:02:05 ::1 (pid 392) :Pub:!INFO: Creation du cache c26f22701ad1482a6ea7498b8014ab64.cache pour 604800 secondes
2018-10-12 14:02:05 ::1 (pid 392) :Pub:!INFO: Creation du cache ee8010794cf14a58d8e1f33642aa69e2.cache pour 86400 secondes
2018-10-12 14:02:05 ::1 (pid 392) :Pub:!INFO: Creation du cache cb55437b1b50c478b655526a5cee8003.cache pour 86400 secondes
2018-10-12 14:02:05 ::1 (pid 392) :Pub:!INFO: Creation du cache ec25da42b41451b8ca7ad343475c7fe8.cache pour 86400 secondes
2018-10-12 14:02:05 ::1 (pid 392) :Pub:!INFO: Creation du cache 6102260463a2c367b742aca6e712fb86.cache pour 86400 secondes
2018-10-12 14:02:05 ::1 (pid 392) :Pub:!INFO: Creation du cache 017907aaa9438df8fa76f0b35517d473.cache pour 86400 secondes
2018-10-12 14:02:05 ::1 (pid 392) :Pub:!INFO: Creation du cache bd51f7f47b80d4b6a29dd87b423c0158.cache pour 3600 secondes
2018-10-12 14:02:05 ::1 (pid 392) :Pub:!INFO: Creation du cache 4bc43f12998ea804493471988d69acb5.cache pour 86400 secondes
2018-10-12 14:06:07 127.0.0.1 (pid 392) :Pri:!INFO: Creation du cache 82035977e3c3d5dfb4ce773599d39a17.cache pour 86400 secondes
2018-10-12 14:06:07 ::1 (pid 392) :Pri:!INFO: Creation du cache 73fdf2e48ea870667e94aa9ea5759731.cache pour 86400 secondes
2018-10-12 14:39:53 ::1 (pid 392) :Pub:!INFO: Creation du cache 643b6a7306ae3a047c1b05782cb278a9.cache pour 86400 secondes
2018-10-12 14:39:59 ::1 (pid 392) :Pri:!INFO: Creation du cache cfbe7e5a07fa8cddd87611139d804e4f.cache pour 86400 secondes
2018-10-12 14:41:40 ::1 (pid 392) :Pub:!INFO: Creation du cache 5e6ff98e6affb411ae829d3aec76e3d4.cache pour 86400 secondes
2018-10-12 14:41:40 ::1 (pid 392) :Pub:!INFO: Creation du cache 01f8d47876a3615aadc70b5b1c5695aa.cache pour 86400 secondes
2018-10-12 14:41:40 ::1 (pid 392) :Pub:!INFO: Creation du cache c26f22701ad1482a6ea7498b8014ab64.cache pour 604800 secondes
2018-10-12 14:41:40 ::1 (pid 392) :Pub:!INFO: Creation du cache ee8010794cf14a58d8e1f33642aa69e2.cache pour 86400 secondes
2018-10-12 14:41:40 ::1 (pid 392) :Pub:!INFO: Creation du cache cb55437b1b50c478b655526a5cee8003.cache pour 86400 secondes
2018-10-12 14:41:40 ::1 (pid 392) :Pub:!INFO: Creation du cache da41cb838fd6caf0ebb7722184a8f97f.cache pour 86400 secondes
2018-10-12 14:41:40 ::1 (pid 392) :Pub:!INFO: Creation du cache 564102810bac664ac3a8fcd41dd691ec.cache pour 86400 secondes
2018-10-12 14:41:40 ::1 (pid 392) :Pub:!INFO: Creation du cache 017907aaa9438df8fa76f0b35517d473.cache pour 86400 secondes
2018-10-12 14:41:40 ::1 (pid 392) :Pub:!INFO: Creation du cache bd51f7f47b80d4b6a29dd87b423c0158.cache pour 3600 secondes
2018-10-12 14:41:40 ::1 (pid 392) :Pub:!INFO: Creation du cache fea1fc0b44527eeb5a36a29304a8cb4e.cache pour 86400 secondes
2018-10-12 14:46:16 ::1 (pid 392) :Pri:!INFO: Creation du cache f767d99f6b8d249e8b8c4fb5b84a7d33.cache pour 86400 secondes
2018-10-12 14:47:41 127.0.0.1 (pid 392) :Pri:!INFO: Creation du cache 06dfb08a142c4a0981dbc6785aa59214.cache pour 86400 secondes
2018-10-12 14:47:41 ::1 (pid 392) :Pri:!INFO: Creation du cache d5b60ffed4fa9747472630f0b0b3aa64.cache pour 86400 secondes
2018-10-12 14:48:56 ::1 (pid 392) :Pri:!INFO: Probleme de configuration opcache.revalidate_freq 2s
2018-10-12 14:49:07 ::1 (pid 392) :Pri:!INFO: Creation du cache f095841858038c22f23fdfbafb7f2fad.cache pour 86400 secondes
2018-10-12 14:49:36 ::1 (pid 392) :Pri:!INFO: Categorie absente dans le paquet issu de &lt;_plugins_/plugins_seenthis/microcache> du depot &lt;1>

2018-10-18 09:21:03 ::1 (pid 392) :Pub:!INFO: Creation du cache 5e6ff98e6affb411ae829d3aec76e3d4.cache pour 86400 secondes
2018-10-18 09:21:03 ::1 (pid 392) :Pub:!INFO: Creation du cache 01f8d47876a3615aadc70b5b1c5695aa.cache pour 86400 secondes
2018-10-18 09:21:03 ::1 (pid 392) :Pub:!INFO: Creation du cache ee8010794cf14a58d8e1f33642aa69e2.cache pour 86400 secondes
2018-10-18 09:21:03 ::1 (pid 392) :Pub:!INFO: Creation du cache cb55437b1b50c478b655526a5cee8003.cache pour 86400 secondes
2018-10-18 09:21:03 ::1 (pid 392) :Pub:!INFO: Creation du cache a53d83d6d2c7150bc97a874c12ac8bd8.cache pour 86400 secondes
2018-10-18 09:21:03 ::1 (pid 392) :Pub:!INFO: Creation du cache f04b0a787da2d9471761a6290d7fe344.cache pour 86400 secondes
2018-10-18 09:21:03 ::1 (pid 392) :Pub:!INFO: Creation du cache 017907aaa9438df8fa76f0b35517d473.cache pour 86400 secondes
2018-10-18 09:21:03 ::1 (pid 392) :Pub:!INFO: Creation du cache bd51f7f47b80d4b6a29dd87b423c0158.cache pour 3600 secondes
2018-10-18 09:21:03 ::1 (pid 392) :Pub:!INFO: Creation du cache fbd333a1f8132a505a2176c758dc5182.cache pour 86400 secondes
2018-10-18 09:21:14 127.0.0.1 (pid 392) :Pub:!INFO: Creation du cache ba2bbbe5cb79e865e74103498e89d348.cache pour 86400 secondes
2018-10-18 09:21:16 127.0.0.1 (pid 392) :Pub:!INFO: Creation du cache 3a7aaa90f0079e35f75cc81093b6f0a1.cache pour 3600 secondes
2018-10-18 09:21:16 127.0.0.1 (pid 392) :Pub:!INFO: Creation du cache 8329dd9cb3cf592afbe395e017fad092.cache pour 3600 secondes
2018-10-18 09:21:16 127.0.0.1 (pid 392) :Pub:!INFO: Creation du cache 756e8f638a5e85ecf7a6113a17358f34.cache pour 86400 secondes
2018-10-18 09:21:16 127.0.0.1 (pid 392) :Pub:!INFO: Creation du cache 85a1ca0c73913b9af0418e48322a6096.cache pour 3600 secondes
2018-10-18 09:22:06 ::1 (pid 392) :Pri:!INFO: Creation du cache 9ff65b30ff0720fdc185bce1e2e8e4d6.cache pour 86400 secondes
2018-10-19 13:17:30 ::1 (pid 6488) :Pub:!INFO: Creation du cache 5e6ff98e6affb411ae829d3aec76e3d4.cache pour 86400 secondes
2018-10-19 13:17:30 ::1 (pid 6488) :Pub:!INFO: Creation du cache 01f8d47876a3615aadc70b5b1c5695aa.cache pour 86400 secondes
2018-10-19 13:17:30 ::1 (pid 6488) :Pub:!INFO: Creation du cache ee8010794cf14a58d8e1f33642aa69e2.cache pour 86400 secondes
2018-10-19 13:17:30 ::1 (pid 6488) :Pub:!INFO: Creation du cache cb55437b1b50c478b655526a5cee8003.cache pour 86400 secondes
2018-10-19 13:17:30 ::1 (pid 6488) :Pub:!INFO: Creation du cache 74855920c540fa714587473d50662e06.cache pour 86400 secondes
2018-10-19 13:17:30 ::1 (pid 6488) :Pub:!INFO: Creation du cache f4749959a826376157bf343075685b6f.cache pour 86400 secondes
2018-10-19 13:17:30 ::1 (pid 6488) :Pub:!INFO: Creation du cache 017907aaa9438df8fa76f0b35517d473.cache pour 86400 secondes
2018-10-19 13:17:30 ::1 (pid 6488) :Pub:!INFO: Creation du cache bd51f7f47b80d4b6a29dd87b423c0158.cache pour 3600 secondes
2018-10-19 13:17:30 ::1 (pid 6488) :Pub:!INFO: Creation du cache dddfd73d08bfc5b04e11acf6463451b5.cache pour 86400 secondes
2018-10-19 13:17:39 ::1 (pid 6488) :Pub:!INFO: Creation du cache ba2bbbe5cb79e865e74103498e89d348.cache pour 86400 secondes
2018-10-19 13:17:40 ::1 (pid 6488) :Pub:!INFO: Creation du cache 3a7aaa90f0079e35f75cc81093b6f0a1.cache pour 3600 secondes
2018-10-19 13:17:40 ::1 (pid 6488) :Pub:!INFO: Creation du cache 8329dd9cb3cf592afbe395e017fad092.cache pour 3600 secondes
2018-10-19 13:17:40 ::1 (pid 6488) :Pub:!INFO: Creation du cache eaf3574592e1be430f481c382aa5f404.cache pour 86400 secondes
2018-10-19 13:17:40 ::1 (pid 6488) :Pub:!INFO: Creation du cache b036bbf43ad9ce491041630ed62a7f0d.cache pour 3600 secondes
2018-10-19 13:17:51 ::1 (pid 6488) :Pri:!INFO: Creation du cache 0a0a025bb510a912b2a2c5cf138e28ab.cache pour 86400 secondes
2018-10-19 13:17:54 127.0.0.1 (pid 6488) :Pri:!INFO: Probleme de configuration opcache.revalidate_freq 2s
2018-10-19 13:17:58 127.0.0.1 (pid 6488) :Pri:!INFO: Creation du cache 3ae10ba294e50396415ae9c7094210e6.cache pour 86400 secondes
2018-10-19 13:27:41 ::1 (pid 1112) :Pri:!INFO: Probleme de configuration opcache.revalidate_freq 2s
2018-10-19 13:27:44 ::1 (pid 1112) :Pri:!INFO: Creation du cache 8262c4121aa2b69d9058876a9b2d8627.cache pour 86400 secondes
2018-10-19 13:29:07 ::1 (pid 7636) :Pri:!INFO: Probleme de configuration opcache.revalidate_freq 2s
2018-10-19 13:29:10 ::1 (pid 7636) :Pri:!INFO: Creation du cache 364969e1b393c7d0de049a82e06dcef5.cache pour 604800 secondes
2018-10-19 13:29:10 ::1 (pid 7636) :Pri:!INFO: Creation du cache 02eeeab5544fdc9556f8b39618af15ec.cache pour 86400 secondes
2018-10-19 13:35:44 127.0.0.1 (pid 7636) :Pri:!INFO: Probleme de configuration opcache.revalidate_freq 2s
2018-10-19 13:35:46 ::1 (pid 7636) :Pri:!INFO: Creation du cache 38c99f5bf53fcf70570c8200e8132472.cache pour 86400 secondes
2018-10-19 13:36:01 ::1 (pid 7636) :Pri:!INFO: Probleme de configuration opcache.revalidate_freq 2s
2018-10-19 13:36:08 ::1 (pid 7636) :Pri:!INFO: Probleme de configuration opcache.revalidate_freq 2s
2018-10-19 13:36:11 ::1 (pid 7636) :Pri:!INFO: Creation du cache 364969e1b393c7d0de049a82e06dcef5.cache pour 604800 secondes
2018-10-19 13:36:11 ::1 (pid 7636) :Pri:!INFO: Creation du cache ccaa0aefce4be47e5491e91d17613af0.cache pour 360000 secondes
2018-10-19 13:36:11 ::1 (pid 7636) :Pri:!INFO: Creation du cache 1c4e05eedd2e947ee3b14d7db836ebc5.cache pour 360000 secondes
2018-10-19 13:36:11 ::1 (pid 7636) :Pri:!INFO: Creation du cache 8bf4938a5d1b999800eaa599cb50536d.cache pour 360000 secondes
2018-10-19 13:36:11 ::1 (pid 7636) :Pri:!INFO: Creation du cache 395456a6a188d62e2162364d88f3d2a5.cache pour 360000 secondes
2018-10-19 13:36:11 ::1 (pid 7636) :Pri:!INFO: Creation du cache ebe28a2061a4337d448e2cdf2e8da9c1.cache pour 360000 secondes
2018-10-19 13:36:11 ::1 (pid 7636) :Pri:!INFO: Creation du cache 43559fdc02c91ce98b6c94ad9f970a9d.cache pour 360000 secondes
2018-10-19 13:36:11 ::1 (pid 7636) :Pri:!INFO: Creation du cache d2fe91dd7d1c9d2dcebe20c7e5eb0d71.cache pour 360000 secondes
2018-10-19 13:36:11 ::1 (pid 7636) :Pri:!INFO: Creation du cache 06f604d4555742225d3012149693420d.cache pour 360000 secondes
2018-10-19 13:36:11 ::1 (pid 7636) :Pri:!INFO: Creation du cache 897ebccf70129b812aa54fffb66a4832.cache pour 360000 secondes
2018-10-19 13:36:11 ::1 (pid 7636) :Pri:!INFO: Creation du cache 0412654c3f6ee611c8ca597b6f92f7bb.cache pour 360000 secondes
2018-10-19 13:36:11 ::1 (pid 7636) :Pri:!INFO: Creation du cache b043e92e9c796cf1692e66cccc902931.cache pour 360000 secondes
2018-10-19 13:36:11 ::1 (pid 7636) :Pri:!INFO: Creation du cache c966f4f5d6cea104d3c073b458f1ffc2.cache pour 360000 secondes
2018-10-19 13:36:11 ::1 (pid 7636) :Pri:!INFO: Creation du cache 8db1e3603b16277ee179759777ffe554.cache pour 360000 secondes
2018-10-19 13:36:11 ::1 (pid 7636) :Pri:!INFO: Creation du cache 13c5c5d4036cf2f671f3b9db59014b83.cache pour 360000 secondes
2018-10-19 13:36:11 ::1 (pid 7636) :Pri:!INFO: Creation du cache 3b74a99729d52c1652766b6c17cd471b.cache pour 360000 secondes
2018-10-19 13:36:11 ::1 (pid 7636) :Pri:!INFO: Creation du cache 9d957414b455111c8d7379e7eb15a71d.cache pour 360000 secondes
2018-10-19 13:36:11 ::1 (pid 7636) :Pri:!INFO: Creation du cache 0a6d3024eab50e4ba945d1f991ad81ae.cache pour 360000 secondes
2018-10-19 13:36:11 ::1 (pid 7636) :Pri:!INFO: Creation du cache fcf33bab77cafb94ae00f36f34455135.cache pour 360000 secondes
2018-10-19 13:36:12 ::1 (pid 7636) :Pri:!INFO: Creation du cache a16f2432ac626055750a8504d50678df.cache pour 360000 secondes
2018-10-19 13:36:12 ::1 (pid 7636) :Pri:!INFO: Creation du cache 27c5b220c54adbd6121717e088f9e3d2.cache pour 360000 secondes
2018-10-19 13:36:12 ::1 (pid 7636) :Pri:!INFO: Creation du cache 19f3d964e8d502a6578f4d944d69d8ea.cache pour 360000 secondes
2018-10-19 13:36:12 ::1 (pid 7636) :Pri:!INFO: Creation du cache 19a06dee2d27375e5059cb78ef3464ae.cache pour 360000 secondes
2018-10-19 13:36:12 ::1 (pid 7636) :Pri:!INFO: Creation du cache 0a98a9c05d4090549c439a7e070b887d.cache pour 360000 secondes
2018-10-19 13:36:12 ::1 (pid 7636) :Pri:!INFO: Creation du cache b6e88e5878af6dfd0effcf4102812254.cache pour 360000 secondes
2018-10-19 13:36:12 ::1 (pid 7636) :Pri:!INFO: Creation du cache 1578652090000145d1b0c0c885a02ccb.cache pour 360000 secondes
2018-10-19 13:36:12 ::1 (pid 7636) :Pri:!INFO: Creation du cache 8afaaf8c85d2df72636ed57db7a5bd07.cache pour 360000 secondes
2018-10-19 13:36:13 ::1 (pid 7636) :Pri:!INFO: Creation du cache 38c99f5bf53fcf70570c8200e8132472.cache pour 86400 secondes
2018-10-19 13:38:48 ::1 (pid 7636) :Pri:!INFO: Creation du cache 3a5764ef0aedce3a510bcababcf9feff.cache pour 86400 secondes
2018-10-19 13:39:07 ::1 (pid 7636) :Pri:ERREUR: Erreur mysql 1146
2018-10-19 13:39:07 ::1 (pid 7636) :Pri:ERREUR: Erreur mysql 1146
2018-10-19 13:39:07 ::1 (pid 7636) :Pri:!INFO: trouver_table: table inconnue '' 'spip_plugins_liens'
2018-10-19 13:39:15 ::1 (pid 7636) :Pri:ERREUR: Erreur mysql 1146
2018-10-19 13:39:15 ::1 (pid 7636) :Pri:ERREUR: Erreur mysql 1146
2018-10-19 13:39:15 ::1 (pid 7636) :Pri:!INFO: trouver_table: table inconnue '' 'spip_plugins_liens'
2018-10-19 13:41:05 ::1 (pid 7636) :Pri:ERREUR: Erreur mysql 1146
2018-10-19 13:41:05 ::1 (pid 7636) :Pri:ERREUR: Erreur mysql 1146
2018-10-19 13:41:05 ::1 (pid 7636) :Pri:!INFO: trouver_table: table inconnue '' 'spip_plugins_liens'
2018-10-19 13:41:22 ::1 (pid 7636) :Pri:ERREUR: Erreur mysql 1146
2018-10-19 13:41:22 ::1 (pid 7636) :Pri:ERREUR: Erreur mysql 1146
2018-10-19 13:41:22 ::1 (pid 7636) :Pri:!INFO: trouver_table: table inconnue '' 'spip_plugins_liens'
2018-10-19 13:41:25 ::1 (pid 7636) :Pri:ERREUR: Erreur mysql 1146
2018-10-19 13:41:25 ::1 (pid 7636) :Pri:ERREUR: Erreur mysql 1146
2018-10-19 13:41:25 ::1 (pid 7636) :Pri:!INFO: trouver_table: table inconnue '' 'spip_plugins_liens'
2018-10-19 13:41:27 ::1 (pid 7636) :Pri:!INFO: Probleme de configuration opcache.revalidate_freq 2s
2018-10-19 13:41:31 ::1 (pid 7636) :Pri:!INFO: Probleme de configuration opcache.revalidate_freq 2s
2018-10-19 13:41:34 ::1 (pid 7636) :Pri:!INFO: Creation du cache 78b0b06cf531e1f8a2ec80022d4c63c9.cache pour 360000 secondes
2018-10-19 13:41:34 ::1 (pid 7636) :Pri:!INFO: Creation du cache 076767e453521283d6af9e2d43c0d810.cache pour 360000 secondes
2018-10-19 13:41:34 ::1 (pid 7636) :Pri:!INFO: Creation du cache 1ea3cd6f66eaf1aee9a05000e5bbbbd3.cache pour 360000 secondes
2018-10-19 13:41:34 ::1 (pid 7636) :Pri:!INFO: Creation du cache abf9d31eec0e179775a00f4501afda4b.cache pour 360000 secondes
2018-10-19 13:41:34 ::1 (pid 7636) :Pri:!INFO: Creation du cache 6ac42dee95b50a5dbe2243da6f6ef091.cache pour 360000 secondes
2018-10-19 13:41:34 ::1 (pid 7636) :Pri:!INFO: Creation du cache 0af482dadacffc66d30d6bf2820119f0.cache pour 360000 secondes
2018-10-19 13:41:34 ::1 (pid 7636) :Pri:!INFO: Creation du cache 54937df237048c650c1992e2e542eaf2.cache pour 360000 secondes
2018-10-19 13:41:34 ::1 (pid 7636) :Pri:!INFO: Creation du cache ea5350570d28aabde9e1089919135586.cache pour 360000 secondes
2018-10-19 13:41:34 ::1 (pid 7636) :Pri:!INFO: Creation du cache bcec18f6320761bee5338bc8736b0b6b.cache pour 360000 secondes
2018-10-19 13:41:34 ::1 (pid 7636) :Pri:!INFO: Creation du cache b6bd2b12795aded667395d5d4be2057e.cache pour 360000 secondes
2018-10-19 13:41:34 ::1 (pid 7636) :Pri:!INFO: Creation du cache 6659b856aa0a6000b9e7518ff3e9d1d9.cache pour 360000 secondes
2018-10-19 13:41:34 ::1 (pid 7636) :Pri:!INFO: Creation du cache 713aad29cc72eb254431ccb684710c3e.cache pour 360000 secondes
2018-10-19 13:41:34 ::1 (pid 7636) :Pri:!INFO: Creation du cache 615a227243c626df026a41c25dc38f58.cache pour 360000 secondes
2018-10-19 13:41:34 ::1 (pid 7636) :Pri:!INFO: Creation du cache 3e47ef3dd364deb8390d0034ba8b0893.cache pour 360000 secondes
2018-10-19 13:41:34 ::1 (pid 7636) :Pri:!INFO: Creation du cache 03fd3f8c69977504c6be1101097cb459.cache pour 360000 secondes
2018-10-19 13:41:34 ::1 (pid 7636) :Pri:!INFO: Creation du cache 521b58a6e78bff12f6e8c071fe6f4bd0.cache pour 360000 secondes
2018-10-19 13:41:34 ::1 (pid 7636) :Pri:!INFO: Creation du cache 17f43c403a5bc2e639e750594570c73c.cache pour 360000 secondes
2018-10-19 13:41:34 ::1 (pid 7636) :Pri:!INFO: Creation du cache 546575251a19326deb1616e96f845498.cache pour 360000 secondes
2018-10-19 13:41:34 ::1 (pid 7636) :Pri:!INFO: Creation du cache 42ca14fa7febf1d6e06bc36e01e86090.cache pour 360000 secondes
2018-10-19 13:41:34 ::1 (pid 7636) :Pri:!INFO: Creation du cache 6a196e43516a8bad725dafaa3ab2687c.cache pour 360000 secondes
2018-10-19 13:41:34 ::1 (pid 7636) :Pri:!INFO: Creation du cache 9181a8e08d6f7e9bbed0e84d698ce628.cache pour 360000 secondes
2018-10-19 13:41:34 ::1 (pid 7636) :Pri:!INFO: Creation du cache c91908e3ee5890ccd3ccf2c02a412855.cache pour 360000 secondes
2018-10-19 13:41:34 ::1 (pid 7636) :Pri:!INFO: Creation du cache 64899ae881ccd7085922eca7150b0f34.cache pour 360000 secondes
2018-10-19 13:41:34 ::1 (pid 7636) :Pri:!INFO: Creation du cache f3f5f478cdafbe02958d7b62bf24a4ce.cache pour 360000 secondes
2018-10-19 13:41:34 ::1 (pid 7636) :Pri:!INFO: Creation du cache 827b9956f15c0da1aefb8fb921e6faca.cache pour 360000 secondes
2018-10-19 13:41:34 ::1 (pid 7636) :Pri:!INFO: Creation du cache bd879f7f3e281c8517c88d5fbe8f15f6.cache pour 360000 secondes
2018-10-19 13:41:34 ::1 (pid 7636) :Pri:!INFO: Creation du cache de88dd95fdb1395a93e757fff84cf4b4.cache pour 360000 secondes
2018-10-19 13:41:35 ::1 (pid 7636) :Pri:!INFO: Creation du cache 82d08aacaf4dc7c291c69d23a5cc1147.cache pour 86400 secondes
2018-10-19 13:52:05 127.0.0.1 (pid 7636) :Pri:!INFO: Probleme de configuration opcache.revalidate_freq 2s
2018-10-19 13:52:06 ::1 (pid 7636) :Pri:!INFO: Probleme de configuration opcache.revalidate_freq 2s
2018-10-19 13:52:09 127.0.0.1 (pid 7636) :Pri:!INFO: Creation du cache 0948ce2c724fe31f0dbf7345e63f9c04.cache pour 86400 secondes
2018-10-19 13:52:11 127.0.0.1 (pid 7636) :Pri:!INFO: Creation du cache 3266cbcb6982307b011a0d2454fa8d5b.cache pour 86400 secondes
2018-10-19 13:53:26 ::1 (pid 600) :Pri:!INFO: Creation du cache ffd085c8733a82ad0c5bff21ee18531f.cache pour 86400 secondes
2018-10-19 13:58:41 ::1 (pid 600) :Pri:!INFO: Creation du cache 1dc5a80f8e4aa281f72bcb8c03f83609.cache pour 86400 secondes
2018-10-19 13:59:28 ::1 (pid 600) :Pub:!INFO: Creation du cache 5e6ff98e6affb411ae829d3aec76e3d4.cache pour 86400 secondes
2018-10-19 13:59:28 ::1 (pid 600) :Pub:!INFO: Creation du cache 01f8d47876a3615aadc70b5b1c5695aa.cache pour 86400 secondes
2018-10-19 13:59:28 ::1 (pid 600) :Pub:!INFO: Creation du cache c26f22701ad1482a6ea7498b8014ab64.cache pour 604800 secondes
2018-10-19 13:59:28 ::1 (pid 600) :Pub:!INFO: Creation du cache ee8010794cf14a58d8e1f33642aa69e2.cache pour 86400 secondes
2018-10-19 13:59:28 ::1 (pid 600) :Pub:!INFO: Creation du cache cb55437b1b50c478b655526a5cee8003.cache pour 86400 secondes
2018-10-19 13:59:28 ::1 (pid 600) :Pub:!INFO: Creation du cache 7dc92e2063968ca0f9c3dfa043d6cc55.cache pour 86400 secondes
2018-10-19 13:59:28 ::1 (pid 600) :Pub:!INFO: Creation du cache 3bc902bdae58ff7ea932f38c142a1238.cache pour 86400 secondes
2018-10-19 13:59:28 ::1 (pid 600) :Pub:!INFO: Creation du cache 017907aaa9438df8fa76f0b35517d473.cache pour 86400 secondes
2018-10-19 13:59:28 ::1 (pid 600) :Pub:!INFO: Creation du cache bd51f7f47b80d4b6a29dd87b423c0158.cache pour 3600 secondes
2018-10-19 13:59:28 ::1 (pid 600) :Pub:!INFO: Creation du cache 52fc1ca3f16b02740db6625c38d21a12.cache pour 86400 secondes
2018-10-19 13:59:56 ::1 (pid 600) :Pri:!INFO: Creation du cache f420b20895655c4fe0aa7c7011a87b7e.cache pour 86400 secondes
2018-10-19 14:00:35 ::1 (pid 600) :Pub:!INFO: Creation du cache 5e6ff98e6affb411ae829d3aec76e3d4.cache pour 86400 secondes
2018-10-19 14:00:35 ::1 (pid 600) :Pub:!INFO: Creation du cache 01f8d47876a3615aadc70b5b1c5695aa.cache pour 86400 secondes
2018-10-19 14:00:35 ::1 (pid 600) :Pub:!INFO: Creation du cache c26f22701ad1482a6ea7498b8014ab64.cache pour 604800 secondes
2018-10-19 14:00:35 ::1 (pid 600) :Pub:!INFO: Creation du cache ee8010794cf14a58d8e1f33642aa69e2.cache pour 86400 secondes
2018-10-19 14:00:35 ::1 (pid 600) :Pub:!INFO: Creation du cache cb55437b1b50c478b655526a5cee8003.cache pour 86400 secondes
2018-10-19 14:00:35 ::1 (pid 600) :Pub:!INFO: Creation du cache 7759c957aac34a270455b82a3004a749.cache pour 86400 secondes
2018-10-19 14:00:35 ::1 (pid 600) :Pub:!INFO: Creation du cache 93a3d203a99b51463e97c91c4cf3238f.cache pour 86400 secondes
2018-10-19 14:00:35 ::1 (pid 600) :Pub:!INFO: Creation du cache 017907aaa9438df8fa76f0b35517d473.cache pour 86400 secondes
2018-10-19 14:00:35 ::1 (pid 600) :Pub:!INFO: Creation du cache bd51f7f47b80d4b6a29dd87b423c0158.cache pour 3600 secondes
2018-10-19 14:00:35 ::1 (pid 600) :Pub:!INFO: Creation du cache 0f330689200908fd259c9439af6cb57f.cache pour 86400 secondes
2018-10-19 14:01:48 ::1 (pid 600) :Pri:!INFO: Creation du cache 9f20633ad1178d1766f845248a28e716.cache pour 86400 secondes
2018-10-19 14:04:51 ::1 (pid 600) :Pri:!INFO: Creation du cache 6ae56285c4006a8a89c4450119676ef0.cache pour 86400 secondes
2018-10-19 14:04:54 ::1 (pid 600) :Pri:!INFO: Creation du cache e583e62c8369ef735396abc91fa0b4b7.cache pour 86400 secondes
2018-10-19 14:05:21 127.0.0.1 (pid 2324) :Pub:!INFO: Creation du cache 5e6ff98e6affb411ae829d3aec76e3d4.cache pour 86400 secondes
2018-10-19 14:05:21 127.0.0.1 (pid 2324) :Pub:!INFO: Creation du cache 01f8d47876a3615aadc70b5b1c5695aa.cache pour 86400 secondes
2018-10-19 14:05:21 127.0.0.1 (pid 2324) :Pub:!INFO: Creation du cache c26f22701ad1482a6ea7498b8014ab64.cache pour 604800 secondes
2018-10-19 14:05:21 127.0.0.1 (pid 2324) :Pub:!INFO: Creation du cache ee8010794cf14a58d8e1f33642aa69e2.cache pour 86400 secondes
2018-10-19 14:05:21 127.0.0.1 (pid 2324) :Pub:!INFO: Creation du cache cb55437b1b50c478b655526a5cee8003.cache pour 86400 secondes
2018-10-19 14:05:21 127.0.0.1 (pid 2324) :Pub:!INFO: Creation du cache faf5c66aaebcf48a06f1d820d63133db.cache pour 86400 secondes
2018-10-19 14:05:21 127.0.0.1 (pid 2324) :Pub:!INFO: Creation du cache 4f2fe9dea7dc2f3ae04ff99f46845257.cache pour 86400 secondes
2018-10-19 14:05:21 127.0.0.1 (pid 2324) :Pub:!INFO: Creation du cache 017907aaa9438df8fa76f0b35517d473.cache pour 86400 secondes
2018-10-19 14:05:21 127.0.0.1 (pid 2324) :Pub:!INFO: Creation du cache bd51f7f47b80d4b6a29dd87b423c0158.cache pour 3600 secondes
2018-10-19 14:05:21 127.0.0.1 (pid 2324) :Pub:!INFO: Creation du cache 7ed49768b8e8dcc322c231efadad9bda.cache pour 86400 secondes
2018-10-19 14:26:55 ::1 (pid 2324) :Pub:!INFO: Creation du cache f6ad467b3579673907b26ad3b934d386.cache pour 86400 secondes
2018-10-19 14:26:55 ::1 (pid 2324) :Pub:!INFO: Creation du cache 624dbabbb1340a96c9d9422540d691e7.cache pour 86400 secondes
2018-10-19 14:26:55 ::1 (pid 2324) :Pub:!INFO: Creation du cache 7f3fafc49ab7a6ac1e11962392625418.cache pour 86400 secondes
2018-10-19 14:26:55 ::1 (pid 2324) :Pub:!INFO: Creation du cache b26fc20dd0cca77df571266a8a5f1d80.cache pour 86400 secondes
2018-10-19 14:26:55 ::1 (pid 2324) :Pub:!INFO: Creation du cache abd996d2d5628f61f7b0ebaf4344545b.cache pour 86400 secondes
2018-10-19 14:27:19 ::1 (pid 2324) :Pub:!INFO: Creation du cache ba781fb794303a1877376aeec16b6dc7.cache pour 86400 secondes
2018-10-19 14:27:19 ::1 (pid 2324) :Pub:!INFO: Creation du cache 129d20fef51c984e64afbe43dcd4228c.cache pour 86400 secondes
2018-10-19 14:27:20 ::1 (pid 2324) :Pub:!INFO: Creation du cache 1e2360d58bf2bca1a50c3988a8c91ba5.cache pour 86400 secondes
2018-10-19 14:27:27 ::1 (pid 2324) :Pub:!INFO: Creation du cache 80cad7525d89ae8c207dc64874a93b17.cache pour 86400 secondes
2018-10-19 14:27:27 ::1 (pid 2324) :Pub:!INFO: Creation du cache 4703453a77d2aba927de56f1f6e3b68f.cache pour 86400 secondes
2018-10-19 14:27:27 ::1 (pid 2324) :Pub:!INFO: Creation du cache 143a182dcb472823df5f15fccd55495d.cache pour 86400 secondes
2018-10-19 14:27:38 ::1 (pid 2324) :Pub:!INFO: Creation du cache cbd2033173fc521b04995644b51f7d20.cache pour 86400 secondes
2018-10-19 14:28:59 ::1 (pid 2324) :Pub:!INFO: Creation du cache 28b4a680380a3bc90afc175e1f093774.cache pour 86400 secondes
2018-10-19 14:28:59 ::1 (pid 2324) :Pub:!INFO: Creation du cache d0ed1f6687c7ff6c1b830d7cd3a942d8.cache pour 86400 secondes
2018-10-19 14:28:59 ::1 (pid 2324) :Pub:!INFO: Creation du cache 47e483db3320f4fd2471008fa2b52c15.cache pour 86400 secondes
2018-10-19 14:29:08 ::1 (pid 2324) :Pub:!INFO: Creation du cache afa90495e7cd12e8a3e0da3991f468e4.cache pour 86400 secondes
2018-10-19 14:29:08 ::1 (pid 2324) :Pub:!INFO: Creation du cache 5fae2f6ed2ea043793b7b951822dafbd.cache pour 86400 secondes
2018-10-19 14:29:08 ::1 (pid 2324) :Pub:!INFO: Creation du cache 7a7c8ccc39c8d63e16d1ab72f4cf9fab.cache pour 86400 secondes
2018-10-19 14:29:08 ::1 (pid 2324) :Pub:!INFO: Creation du cache da44c55e4879275c3f1a305d6dfedc03.cache pour 86400 secondes
2018-10-19 14:29:08 ::1 (pid 2324) :Pub:!INFO: Creation du cache 1908ab193f3550bcd41c8d00f99d0efd.cache pour 3600 secondes
2018-10-19 14:29:08 ::1 (pid 2324) :Pub:!INFO: Creation du cache 8301fe831ec48aaf5c454cae58085f74.cache pour 3600 secondes
2018-10-19 14:29:08 ::1 (pid 2324) :Pub:!INFO: Creation du cache afbabd1f429d949dd9614d8d2bcb6b26.cache pour 3600 secondes
2018-10-19 14:29:08 ::1 (pid 2324) :Pub:!INFO: Creation du cache d1a475ba3353b1012e7ea6faa59fbf21.cache pour 86400 secondes
2018-10-19 14:29:08 ::1 (pid 2324) :Pub:!INFO: Creation du cache a73ebd54cfdccf50fc46d109a39c7306.cache pour 86400 secondes
2018-10-19 14:30:26 ::1 (pid 2324) :Pub:!INFO: Creation du cache fb582d53e7c8201910d6554e1fa17b94.cache pour 86400 secondes
2018-10-19 14:30:26 ::1 (pid 2324) :Pub:!INFO: Creation du cache d9c3781e2fffdf9c79e1af14f58e0173.cache pour 86400 secondes
2018-10-19 14:30:26 ::1 (pid 2324) :Pub:!INFO: Creation du cache 2acb78c99e6297e43f0cbee81f6abb52.cache pour 86400 secondes
2018-10-19 14:36:23 ::1 (pid 2324) :Pub:!INFO: Creation du cache 5e6ff98e6affb411ae829d3aec76e3d4.cache pour 86400 secondes
2018-10-19 14:36:23 ::1 (pid 2324) :Pub:!INFO: Creation du cache 01f8d47876a3615aadc70b5b1c5695aa.cache pour 86400 secondes
2018-10-19 14:36:23 ::1 (pid 2324) :Pub:!INFO: Creation du cache c26f22701ad1482a6ea7498b8014ab64.cache pour 604800 secondes
2018-10-19 14:36:23 ::1 (pid 2324) :Pub:!INFO: Creation du cache ee8010794cf14a58d8e1f33642aa69e2.cache pour 86400 secondes
2018-10-19 14:36:23 ::1 (pid 2324) :Pub:!INFO: Creation du cache cb55437b1b50c478b655526a5cee8003.cache pour 86400 secondes
2018-10-19 14:36:23 ::1 (pid 2324) :Pub:!INFO: Creation du cache 54eee606faf30b0862a31b0528c7409e.cache pour 86400 secondes
2018-10-19 14:36:23 ::1 (pid 2324) :Pub:!INFO: Creation du cache 5b72f9d0e888c06844f78cb9dcba5baa.cache pour 86400 secondes
2018-10-19 14:36:23 ::1 (pid 2324) :Pub:!INFO: Creation du cache 017907aaa9438df8fa76f0b35517d473.cache pour 86400 secondes
2018-10-19 14:36:23 ::1 (pid 2324) :Pub:!INFO: Creation du cache bd51f7f47b80d4b6a29dd87b423c0158.cache pour 3600 secondes
2018-10-19 14:36:23 ::1 (pid 2324) :Pub:!INFO: Creation du cache d171ff142e78e0b65a8f381736d2a752.cache pour 86400 secondes
2018-10-19 14:36:35 ::1 (pid 2324) :Pri:!INFO: Creation du cache bc4dd9b583e9c748179608874f6370c3.cache pour 86400 secondes
2018-10-19 14:38:29 ::1 (pid 2324) :Pub:!INFO: Creation du cache cbd2033173fc521b04995644b51f7d20.cache pour 86400 secondes
2018-10-19 14:40:26 ::1 (pid 2324) :Pub:!INFO: Creation du cache cbd2033173fc521b04995644b51f7d20.cache pour 86400 secondes
2018-10-19 14:40:28 ::1 (pid 2324) :Pub:!INFO: Creation du cache cbd2033173fc521b04995644b51f7d20.cache pour 86400 secondes
2018-10-19 14:42:02 127.0.0.1 (pid 2324) :Pub:ERREUR: Erreur mysql 1146
2018-10-19 14:42:02 127.0.0.1 (pid 2324) :Pub:ERREUR: Erreur mysql 1146
2018-10-19 14:42:02 127.0.0.1 (pid 2324) :Pub:!INFO: trouver_table: table inconnue '' 'ARTUCLES'
2018-10-19 14:42:02 127.0.0.1 (pid 2324) :Pub:!INFO: spip_connect: fichier de connexion 'config/artucles.php' non trouve
2018-10-19 14:42:02 127.0.0.1 (pid 2324) :Pub:!INFO: Creation du cache cbd2033173fc521b04995644b51f7d20.cache pour 86400 secondes
2018-10-19 14:42:20 ::1 (pid 2324) :Pub:!INFO: Creation du cache cbd2033173fc521b04995644b51f7d20.cache pour 86400 secondes
2018-10-19 14:42:23 ::1 (pid 2324) :Pub:!INFO: Creation du cache cbd2033173fc521b04995644b51f7d20.cache pour 86400 secondes
2018-10-19 14:42:29 ::1 (pid 2324) :Pub:!INFO: Creation du cache cbd2033173fc521b04995644b51f7d20.cache pour 86400 secondes
2018-10-19 14:43:10 ::1 (pid 2324) :Pub:!INFO: Creation du cache cbd2033173fc521b04995644b51f7d20.cache pour 86400 secondes
2018-10-19 14:43:14 ::1 (pid 2324) :Pub:!INFO: Creation du cache cbd2033173fc521b04995644b51f7d20.cache pour 86400 secondes
2018-10-19 14:51:12 ::1 (pid 2324) :Pri:!INFO: Creation du cache 0ea0de3fbf0ed05262ceb76f813b06cf.cache pour 86400 secondes
2018-10-19 14:53:03 ::1 (pid 2324) :Pub:!INFO: Creation du cache 10a9f421cff2f3992bb9a015f44839c5.cache pour 86400 secondes
2018-10-19 14:53:03 ::1 (pid 2324) :Pub:!INFO: Creation du cache 98e8ffb77062432c9fdbb4f4a8a60adf.cache pour 86400 secondes
2018-10-19 14:53:03 ::1 (pid 2324) :Pub:!INFO: Creation du cache 1eb32c607fc025df11f07eb0ef4d8187.cache pour 86400 secondes
2018-10-19 14:53:18 ::1 (pid 2324) :Pub:!INFO: Creation du cache f4ed1d5aa190073c92a510b9b471306f.cache pour 86400 secondes
2018-10-19 14:54:32 ::1 (pid 2324) :Pub:!INFO: Creation du cache 5e6ff98e6affb411ae829d3aec76e3d4.cache pour 86400 secondes
2018-10-19 14:54:32 ::1 (pid 2324) :Pub:!INFO: Creation du cache 01f8d47876a3615aadc70b5b1c5695aa.cache pour 86400 secondes
2018-10-19 14:54:32 ::1 (pid 2324) :Pub:!INFO: Creation du cache c26f22701ad1482a6ea7498b8014ab64.cache pour 604800 secondes
2018-10-19 14:54:32 ::1 (pid 2324) :Pub:!INFO: Creation du cache ee8010794cf14a58d8e1f33642aa69e2.cache pour 86400 secondes
2018-10-19 14:54:32 ::1 (pid 2324) :Pub:!INFO: Creation du cache cb55437b1b50c478b655526a5cee8003.cache pour 86400 secondes
2018-10-19 14:54:32 ::1 (pid 2324) :Pub:!INFO: Creation du cache 2129c37dfa285e74afe659ae7f994ed7.cache pour 86400 secondes
2018-10-19 14:54:32 ::1 (pid 2324) :Pub:!INFO: Creation du cache 561e26671cbd3fe8d06662f9591ba9fe.cache pour 86400 secondes
2018-10-19 14:54:32 ::1 (pid 2324) :Pub:!INFO: Creation du cache 017907aaa9438df8fa76f0b35517d473.cache pour 86400 secondes
2018-10-19 14:54:32 ::1 (pid 2324) :Pub:!INFO: Creation du cache bd51f7f47b80d4b6a29dd87b423c0158.cache pour 3600 secondes
2018-10-19 14:54:32 ::1 (pid 2324) :Pub:!INFO: Creation du cache b0d943b4ec365c0c527fa58a9c3fc9c9.cache pour 86400 secondes
2018-10-19 14:54:37 ::1 (pid 2324) :Pri:!INFO: Creation du cache 487a80201157195e5b1bc0eaac673f30.cache pour 86400 secondes
2018-10-19 15:04:19 127.0.0.1 (pid 2324) :Pub:!INFO: Creation du cache f4ed1d5aa190073c92a510b9b471306f.cache pour 86400 secondes
2018-10-19 15:04:22 127.0.0.1 (pid 2324) :Pub:!INFO: Creation du cache f4ed1d5aa190073c92a510b9b471306f.cache pour 86400 secondes
2018-10-19 15:04:24 127.0.0.1 (pid 2324) :Pub:!INFO: Creation du cache f4ed1d5aa190073c92a510b9b471306f.cache pour 86400 secondes
2018-10-19 15:06:28 127.0.0.1 (pid 2324) :Pub:!INFO: Creation du cache f4ed1d5aa190073c92a510b9b471306f.cache pour 86400 secondes
2018-10-19 15:06:32 127.0.0.1 (pid 2324) :Pub:!INFO: Creation du cache f4ed1d5aa190073c92a510b9b471306f.cache pour 86400 secondes
2018-10-22 17:29:44 ::1 (pid 4284) :Pub:!INFO: Creation du cache 5e6ff98e6affb411ae829d3aec76e3d4.cache pour 86400 secondes
2018-10-22 17:29:44 ::1 (pid 4284) :Pub:!INFO: Creation du cache 01f8d47876a3615aadc70b5b1c5695aa.cache pour 86400 secondes
2018-10-22 17:29:44 ::1 (pid 4284) :Pub:!INFO: Creation du cache ee8010794cf14a58d8e1f33642aa69e2.cache pour 86400 secondes
2018-10-22 17:29:44 ::1 (pid 4284) :Pub:!INFO: Creation du cache cb55437b1b50c478b655526a5cee8003.cache pour 86400 secondes
2018-10-22 17:29:44 ::1 (pid 4284) :Pub:!INFO: Creation du cache 855f90f6eeff25b350c973b02e8effde.cache pour 86400 secondes
2018-10-22 17:29:44 ::1 (pid 4284) :Pub:!INFO: Creation du cache 07903b1257d23211f95a421fc37d945a.cache pour 86400 secondes
2018-10-22 17:29:44 ::1 (pid 4284) :Pub:!INFO: Creation du cache 017907aaa9438df8fa76f0b35517d473.cache pour 86400 secondes
2018-10-22 17:29:44 ::1 (pid 4284) :Pub:!INFO: Creation du cache bd51f7f47b80d4b6a29dd87b423c0158.cache pour 3600 secondes
2018-10-22 17:29:44 ::1 (pid 4284) :Pub:!INFO: Creation du cache f22e735de0affe1ce2f3128c8187536e.cache pour 86400 secondes
2018-10-22 17:29:49 ::1 (pid 4284) :Pub:!INFO: Creation du cache ba2bbbe5cb79e865e74103498e89d348.cache pour 86400 secondes
2018-10-22 17:29:49 ::1 (pid 4284) :Pub:!INFO: Creation du cache 3a7aaa90f0079e35f75cc81093b6f0a1.cache pour 3600 secondes
2018-10-22 17:29:49 ::1 (pid 4284) :Pub:!INFO: Creation du cache 8329dd9cb3cf592afbe395e017fad092.cache pour 3600 secondes
2018-10-22 17:29:49 ::1 (pid 4284) :Pub:!INFO: Creation du cache 007320f7cc3100c5006218c1ecedf6bd.cache pour 86400 secondes
2018-10-22 17:29:49 ::1 (pid 4284) :Pub:!INFO: Creation du cache 78ed1da7105bd3cbbefb948c2f7f3c39.cache pour 3600 secondes
2018-10-22 17:30:07 ::1 (pid 4284) :Pri:!INFO: Creation du cache 628ff69e705d36ec492ddf1302174569.cache pour 86400 secondes
2018-10-22 17:34:39 ::1 (pid 4284) :Pri:!INFO: Creation du cache c667e416348f3c6400fdcb6d4b71a834.cache pour 86400 secondes
2018-10-22 17:34:41 ::1 (pid 4284) :Pri:!INFO: Creation du cache e96548f9e771d1a199533ee4b876dfbe.cache pour 86400 secondes
2018-10-22 17:35:19 ::1 (pid 4284) :Pub:!INFO: Creation du cache f4ed1d5aa190073c92a510b9b471306f.cache pour 86400 secondes
2018-10-22 17:35:32 ::1 (pid 4284) :Pub:!INFO: Creation du cache 65034ae1294714eec291d151f2da6f8f.cache pour 86400 secondes
2018-10-22 17:44:45 ::1 (pid 4284) :Pub:!INFO: Creation du cache 65034ae1294714eec291d151f2da6f8f.cache pour 86400 secondes
2018-10-22 17:45:26 ::1 (pid 4284) :Pub:!INFO: Creation du cache 65034ae1294714eec291d151f2da6f8f.cache pour 86400 secondes
2018-10-22 17:45:28 ::1 (pid 4284) :Pub:!INFO: Creation du cache 65034ae1294714eec291d151f2da6f8f.cache pour 86400 secondes
2018-10-22 17:45:30 ::1 (pid 4284) :Pub:!INFO: Creation du cache 65034ae1294714eec291d151f2da6f8f.cache pour 86400 secondes
2018-10-22 17:45:30 ::1 (pid 4284) :Pub:!INFO: Creation du cache 65034ae1294714eec291d151f2da6f8f.cache pour 86400 secondes
2018-10-22 17:45:31 ::1 (pid 4284) :Pub:!INFO: Creation du cache 65034ae1294714eec291d151f2da6f8f.cache pour 86400 secondes
2018-10-22 17:45:36 ::1 (pid 4284) :Pub:!INFO: Creation du cache 65034ae1294714eec291d151f2da6f8f.cache pour 86400 secondes
2018-10-22 17:45:59 ::1 (pid 4284) :Pub:!INFO: Creation du cache 65034ae1294714eec291d151f2da6f8f.cache pour 86400 secondes
2018-10-22 17:47:40 ::1 (pid 4284) :Pri:!INFO: Creation du cache 0cb78a9f01ad872206f36f452d2e6732.cache pour 86400 secondes
2018-10-22 17:47:42 ::1 (pid 4284) :Pri:!INFO: Probleme de configuration opcache.revalidate_freq 2s
2018-10-22 17:47:47 ::1 (pid 4284) :Pri:!INFO: Probleme de configuration opcache.revalidate_freq 2s
2018-10-22 17:47:55 ::1 (pid 4284) :Pub:!INFO: Creation du cache 65034ae1294714eec291d151f2da6f8f.cache pour 86400 secondes
2018-10-22 17:47:57 ::1 (pid 4284) :Pub:!INFO: Creation du cache 65034ae1294714eec291d151f2da6f8f.cache pour 86400 secondes
2018-10-22 17:47:57 ::1 (pid 4284) :Pub:!INFO: Creation du cache 65034ae1294714eec291d151f2da6f8f.cache pour 86400 secondes
2018-10-22 17:57:28 ::1 (pid 4284) :Pub:!INFO: Creation du cache 65034ae1294714eec291d151f2da6f8f.cache pour 86400 secondes
2018-10-22 17:57:37 ::1 (pid 4284) :Pub:!INFO: Creation du cache 65034ae1294714eec291d151f2da6f8f.cache pour 86400 secondes
2018-10-22 17:57:41 ::1 (pid 4284) :Pri:!INFO: Creation du cache 364969e1b393c7d0de049a82e06dcef5.cache pour 604800 secondes
2018-10-22 17:57:41 ::1 (pid 4284) :Pri:!INFO: Creation du cache db3a637a7187d73004bf4e94f4b7cba7.cache pour 360000 secondes
2018-10-22 17:57:41 ::1 (pid 4284) :Pri:!INFO: Creation du cache 66f1e938d6c3688595b4ed665aa20dd1.cache pour 360000 secondes
2018-10-22 17:57:41 ::1 (pid 4284) :Pri:!INFO: Creation du cache 3aa18821681440d72d10ea9c255472a9.cache pour 360000 secondes
2018-10-22 17:57:41 ::1 (pid 4284) :Pri:!INFO: Creation du cache e11964e08fc0f8966d28b9f34e9e7426.cache pour 360000 secondes
2018-10-22 17:57:41 ::1 (pid 4284) :Pri:!INFO: Creation du cache 9e1581525d8bc8cb33ae092b33bcf907.cache pour 360000 secondes
2018-10-22 17:57:41 ::1 (pid 4284) :Pri:!INFO: Creation du cache a7e7033863a22b96402ed41911edabf8.cache pour 360000 secondes
2018-10-22 17:57:41 ::1 (pid 4284) :Pri:!INFO: Creation du cache 49017038c7fb482e267b05dca5677321.cache pour 360000 secondes
2018-10-22 17:57:41 ::1 (pid 4284) :Pri:!INFO: Creation du cache 8bb3efc5c75ee28e0813399a126893ff.cache pour 360000 secondes
2018-10-22 17:57:41 ::1 (pid 4284) :Pri:!INFO: Creation du cache 93449e015331a676639c7b9e18e8fede.cache pour 360000 secondes
2018-10-22 17:57:41 ::1 (pid 4284) :Pri:!INFO: Creation du cache e6290feb93ea6dbb078a942f4e767e6a.cache pour 360000 secondes
2018-10-22 17:57:41 ::1 (pid 4284) :Pri:!INFO: Creation du cache 5bea7c10f4185cb1d2aa646ba7c30571.cache pour 360000 secondes
2018-10-22 17:57:41 ::1 (pid 4284) :Pri:!INFO: Creation du cache 5bea7c10f4185cb1d2aa646ba7c30571.cache pour 360000 secondes
2018-10-22 17:57:41 ::1 (pid 4284) :Pri:!INFO: Creation du cache 89adbd604fbab7ef6e3820fe8ab1cf24.cache pour 360000 secondes
2018-10-22 17:57:41 ::1 (pid 4284) :Pri:!INFO: Creation du cache 89adbd604fbab7ef6e3820fe8ab1cf24.cache pour 360000 secondes
2018-10-22 17:57:41 ::1 (pid 4284) :Pri:!INFO: Creation du cache 415158e99d1bf96c6ecba295bbbfa73c.cache pour 360000 secondes
2018-10-22 17:57:41 ::1 (pid 4284) :Pri:!INFO: Creation du cache 415158e99d1bf96c6ecba295bbbfa73c.cache pour 360000 secondes
2018-10-22 17:57:41 ::1 (pid 4284) :Pri:!INFO: Creation du cache c5c69efdebbe715cdbb954e2cdc790f7.cache pour 360000 secondes
2018-10-22 17:57:41 ::1 (pid 4284) :Pri:!INFO: Creation du cache c5c69efdebbe715cdbb954e2cdc790f7.cache pour 360000 secondes
2018-10-22 17:57:41 ::1 (pid 4284) :Pri:!INFO: Creation du cache b9301395b2175722a89c579a15e40051.cache pour 360000 secondes
2018-10-22 17:57:41 ::1 (pid 4284) :Pri:!INFO: Creation du cache b9301395b2175722a89c579a15e40051.cache pour 360000 secondes
2018-10-22 17:57:41 ::1 (pid 4284) :Pri:!INFO: Creation du cache 59f285c7bd91dae3cf5ff6e070d8cd83.cache pour 360000 secondes
2018-10-22 17:57:41 ::1 (pid 4284) :Pri:!INFO: Creation du cache 59f285c7bd91dae3cf5ff6e070d8cd83.cache pour 360000 secondes
2018-10-22 17:57:41 ::1 (pid 4284) :Pri:!INFO: Creation du cache c52e0f3d32cb7851057f0d423890fb9e.cache pour 360000 secondes
2018-10-22 17:57:41 ::1 (pid 4284) :Pri:!INFO: Creation du cache c52e0f3d32cb7851057f0d423890fb9e.cache pour 360000 secondes
2018-10-22 17:57:41 ::1 (pid 4284) :Pri:!INFO: Creation du cache 5b89d391f430088cf9f260b46eddbdc2.cache pour 360000 secondes
2018-10-22 17:57:41 ::1 (pid 4284) :Pri:!INFO: Creation du cache 5b89d391f430088cf9f260b46eddbdc2.cache pour 360000 secondes
2018-10-22 17:57:41 ::1 (pid 4284) :Pri:!INFO: Creation du cache b0050a5daa24d38f1117bd2718712211.cache pour 360000 secondes
2018-10-22 17:57:41 ::1 (pid 4284) :Pri:!INFO: Creation du cache b0050a5daa24d38f1117bd2718712211.cache pour 360000 secondes
2018-10-22 17:57:41 ::1 (pid 4284) :Pri:!INFO: Creation du cache 6504bf4c0fbbdc09c603279b14fcc507.cache pour 360000 secondes
2018-10-22 17:57:41 ::1 (pid 4284) :Pri:!INFO: Creation du cache 6504bf4c0fbbdc09c603279b14fcc507.cache pour 360000 secondes
2018-10-22 17:57:41 ::1 (pid 4284) :Pri:!INFO: Creation du cache 950238aa1f4bd6e6807b2c8bdba1c7e4.cache pour 360000 secondes
2018-10-22 17:57:41 ::1 (pid 4284) :Pri:!INFO: Creation du cache 950238aa1f4bd6e6807b2c8bdba1c7e4.cache pour 360000 secondes
2018-10-22 17:57:41 ::1 (pid 4284) :Pri:!INFO: Creation du cache bcc8d4fc7b87921d74632ff6698d8c48.cache pour 360000 secondes
2018-10-22 17:57:41 ::1 (pid 4284) :Pri:!INFO: Creation du cache bcc8d4fc7b87921d74632ff6698d8c48.cache pour 360000 secondes
2018-10-22 17:57:41 ::1 (pid 4284) :Pri:!INFO: Creation du cache c22a6cbeb162ec51330a69b5e5423133.cache pour 360000 secondes
2018-10-22 17:57:41 ::1 (pid 4284) :Pri:!INFO: Creation du cache c22a6cbeb162ec51330a69b5e5423133.cache pour 360000 secondes
2018-10-22 17:57:41 ::1 (pid 4284) :Pri:!INFO: Creation du cache 35ab223b7e258b3ae8c89c2e7e3d6ed7.cache pour 360000 secondes
2018-10-22 17:57:41 ::1 (pid 4284) :Pri:!INFO: Creation du cache 35ab223b7e258b3ae8c89c2e7e3d6ed7.cache pour 360000 secondes
2018-10-22 17:57:42 ::1 (pid 4284) :Pri:!INFO: Creation du cache 157e31c686fd08142ef10e6f18ea11a4.cache pour 360000 secondes
2018-10-22 17:57:42 ::1 (pid 4284) :Pri:!INFO: Creation du cache 157e31c686fd08142ef10e6f18ea11a4.cache pour 360000 secondes
2018-10-22 17:57:42 ::1 (pid 4284) :Pri:!INFO: Creation du cache 3151cb665ad900a8709bfea05e9e054a.cache pour 360000 secondes
2018-10-22 17:57:42 ::1 (pid 4284) :Pri:!INFO: Creation du cache 3151cb665ad900a8709bfea05e9e054a.cache pour 360000 secondes
2018-10-22 17:57:42 ::1 (pid 4284) :Pri:!INFO: Creation du cache de88dd95fdb1395a93e757fff84cf4b4.cache pour 360000 secondes
2018-10-22 17:57:42 ::1 (pid 4284) :Pri:!INFO: Creation du cache de88dd95fdb1395a93e757fff84cf4b4.cache pour 360000 secondes
2018-10-22 17:57:43 ::1 (pid 4284) :Pri:!INFO: Creation du cache 65b2bd37127bba45fd256b339006b280.cache pour 86400 secondes
2018-10-22 17:57:43 ::1 (pid 4284) :Pri:!INFO: Creation du cache 34836ec64cfabb751254833ea92ef26a.cache pour 86400 secondes
2018-10-22 17:57:51 ::1 (pid 4284) :Pri:!INFO: Probleme de configuration opcache.revalidate_freq 2s
2018-10-22 17:57:53 ::1 (pid 4284) :Pri:!INFO: Probleme de configuration opcache.revalidate_freq 2s
2018-10-22 17:58:08 ::1 (pid 4284) :Pub:!INFO: Creation du cache 65034ae1294714eec291d151f2da6f8f.cache pour 86400 secondes
2018-10-22 18:00:33 ::1 (pid 4284) :Pub:!INFO: Creation du cache 65034ae1294714eec291d151f2da6f8f.cache pour 86400 secondes
2018-10-22 18:01:11 ::1 (pid 4284) :Pub:!INFO: Creation du cache 65034ae1294714eec291d151f2da6f8f.cache pour 86400 secondes
2018-10-22 18:01:25 ::1 (pid 4284) :Pub:!INFO: Creation du cache 65034ae1294714eec291d151f2da6f8f.cache pour 86400 secondes
2018-10-22 18:01:36 ::1 (pid 4284) :Pub:!INFO: Creation du cache 65034ae1294714eec291d151f2da6f8f.cache pour 86400 secondes
2018-10-22 18:01:39 ::1 (pid 4284) :Pub:!INFO: Creation du cache 65034ae1294714eec291d151f2da6f8f.cache pour 86400 secondes
2018-10-22 18:04:42 ::1 (pid 4284) :Pub:!INFO: Creation du cache 65034ae1294714eec291d151f2da6f8f.cache pour 86400 secondes
2018-10-22 18:04:44 ::1 (pid 4284) :Pub:!INFO: Creation du cache 65034ae1294714eec291d151f2da6f8f.cache pour 86400 secondes
2018-10-22 18:08:40 ::1 (pid 4284) :Pub:!INFO: Creation du cache 65034ae1294714eec291d151f2da6f8f.cache pour 86400 secondes
2018-10-22 18:08:41 ::1 (pid 4284) :Pub:!INFO: Creation du cache 65034ae1294714eec291d151f2da6f8f.cache pour 86400 secondes
2018-10-22 18:13:16 ::1 (pid 4284) :Pub:!INFO: Creation du cache 65034ae1294714eec291d151f2da6f8f.cache pour 86400 secondes
2018-10-26 12:13:26 ::1 (pid 4284) :Pub:!INFO: Creation du cache 5e6ff98e6affb411ae829d3aec76e3d4.cache pour 86400 secondes
2018-10-26 12:13:26 ::1 (pid 4284) :Pub:!INFO: Creation du cache 01f8d47876a3615aadc70b5b1c5695aa.cache pour 86400 secondes
2018-10-26 12:13:27 ::1 (pid 4284) :Pub:!INFO: Creation du cache c26f22701ad1482a6ea7498b8014ab64.cache pour 604800 secondes
2018-10-26 12:13:27 ::1 (pid 4284) :Pub:!INFO: Creation du cache ee8010794cf14a58d8e1f33642aa69e2.cache pour 86400 secondes
2018-10-26 12:13:27 ::1 (pid 4284) :Pub:!INFO: Creation du cache cb55437b1b50c478b655526a5cee8003.cache pour 86400 secondes
2018-10-26 12:13:27 ::1 (pid 4284) :Pub:!INFO: Creation du cache 1951a7fe5a197e362323aded4a50c97d.cache pour 86400 secondes
2018-10-26 12:13:27 ::1 (pid 4284) :Pub:!INFO: Creation du cache adb106fa25b6feaa231b2102df2bbf1f.cache pour 86400 secondes
2018-10-26 12:13:27 ::1 (pid 4284) :Pub:!INFO: Creation du cache 017907aaa9438df8fa76f0b35517d473.cache pour 86400 secondes
2018-10-26 12:13:27 ::1 (pid 4284) :Pub:!INFO: Creation du cache bd51f7f47b80d4b6a29dd87b423c0158.cache pour 3600 secondes
2018-10-26 12:13:27 ::1 (pid 4284) :Pub:!INFO: Creation du cache 0391ae1eca53d0ce84dd1f3df34fb4cb.cache pour 86400 secondes
2018-10-26 12:13:32 ::1 (pid 4284) :Pub:!INFO: Creation du cache ba2bbbe5cb79e865e74103498e89d348.cache pour 86400 secondes
2018-10-26 12:13:33 ::1 (pid 4284) :Pub:!INFO: Creation du cache 3a7aaa90f0079e35f75cc81093b6f0a1.cache pour 3600 secondes
2018-10-26 12:13:33 ::1 (pid 4284) :Pub:!INFO: Creation du cache 8329dd9cb3cf592afbe395e017fad092.cache pour 3600 secondes
2018-10-26 12:13:33 ::1 (pid 4284) :Pub:!INFO: Creation du cache f57593ad06f74f2c072d7208bc0fa6ad.cache pour 86400 secondes
2018-10-26 12:13:33 ::1 (pid 4284) :Pub:!INFO: Creation du cache 0ad421e856688f2974be7c0bfd371b80.cache pour 3600 secondes
2018-10-26 12:13:40 ::1 (pid 4284) :Pri:!INFO: Creation du cache 364969e1b393c7d0de049a82e06dcef5.cache pour 604800 secondes
2018-10-26 12:13:40 ::1 (pid 4284) :Pri:!INFO: Creation du cache 4d4e468a666f5e108d705c5c1ec051a7.cache pour 360000 secondes
2018-10-26 12:13:40 ::1 (pid 4284) :Pri:!INFO: Creation du cache 74630add6f34e3a2edfa34a3036f85b2.cache pour 360000 secondes
2018-10-26 12:13:40 ::1 (pid 4284) :Pri:!INFO: Creation du cache 547b6ab68b515bb668d6444f5aa7722f.cache pour 360000 secondes
2018-10-26 12:13:40 ::1 (pid 4284) :Pri:!INFO: Creation du cache 7748f00229a6c917633ad565cb29d017.cache pour 360000 secondes
2018-10-26 12:13:40 ::1 (pid 4284) :Pri:!INFO: Creation du cache 40638db02aba3d12709660b295d97866.cache pour 360000 secondes
2018-10-26 12:13:40 ::1 (pid 4284) :Pri:!INFO: Creation du cache d4d1f4391176e47e4e1fadb3b5682bc7.cache pour 360000 secondes
2018-10-26 12:13:41 ::1 (pid 4284) :Pri:!INFO: Creation du cache 6aa74cd4d8c924215695480e6350a521.cache pour 360000 secondes
2018-10-26 12:13:41 ::1 (pid 4284) :Pri:!INFO: Creation du cache db26a1d28531e08e9ceff677bd030fab.cache pour 360000 secondes
2018-10-26 12:13:41 ::1 (pid 4284) :Pri:!INFO: Creation du cache ef4421bed2462c65e43c9fc3dcda2e76.cache pour 360000 secondes
2018-10-26 12:13:41 ::1 (pid 4284) :Pri:!INFO: Creation du cache 992ab64113a2e894ece42cc47d0eb9fb.cache pour 360000 secondes
2018-10-26 12:13:41 ::1 (pid 4284) :Pri:!INFO: Creation du cache 981407376f1d9e9b062fba88e21545e6.cache pour 360000 secondes
2018-10-26 12:13:41 ::1 (pid 4284) :Pri:!INFO: Creation du cache b59ba11fc80433c210093479aea84b08.cache pour 360000 secondes
2018-10-26 12:13:41 ::1 (pid 4284) :Pri:!INFO: Creation du cache 48456c385fc802240c5721d73f1cd31e.cache pour 360000 secondes
2018-10-26 12:13:41 ::1 (pid 4284) :Pri:!INFO: Creation du cache 7c70ff97ebc18e34196b566e5edd3b74.cache pour 360000 secondes
2018-10-26 12:13:41 ::1 (pid 4284) :Pri:!INFO: Creation du cache c43ca75a56c85526c75f368b094e4278.cache pour 360000 secondes
2018-10-26 12:13:41 ::1 (pid 4284) :Pri:!INFO: Creation du cache 60cee7d14b9a877958f5cf6f7ee01e56.cache pour 360000 secondes
2018-10-26 12:13:41 ::1 (pid 4284) :Pri:!INFO: Creation du cache 56054cb25d5a0910a2616747679b70fe.cache pour 360000 secondes
2018-10-26 12:13:41 ::1 (pid 4284) :Pri:!INFO: Creation du cache 34bf0db50d53786794abfa218c43e659.cache pour 360000 secondes
2018-10-26 12:13:41 ::1 (pid 4284) :Pri:!INFO: Creation du cache 64235154c1e562fa3ed2f8a98798d6d9.cache pour 360000 secondes
2018-10-26 12:13:41 ::1 (pid 4284) :Pri:!INFO: Creation du cache c027049b991a4425fc2cd2eb7b89da0b.cache pour 360000 secondes
2018-10-26 12:13:41 ::1 (pid 4284) :Pri:!INFO: Creation du cache a40b61d2821c22a5b7f4121e30223b52.cache pour 360000 secondes
2018-10-26 12:13:41 ::1 (pid 4284) :Pri:!INFO: Creation du cache 679435badd27c78b47e621a28a1170c8.cache pour 360000 secondes
2018-10-26 12:13:41 ::1 (pid 4284) :Pri:!INFO: Creation du cache dc4bb04f19b74eac53900d202bc6b16d.cache pour 360000 secondes
2018-10-26 12:13:41 ::1 (pid 4284) :Pri:!INFO: Creation du cache f6f18fe8190d4ba1305104a1fb156647.cache pour 360000 secondes
2018-10-26 12:13:41 ::1 (pid 4284) :Pri:!INFO: Creation du cache 09a5b344b459a309aa48c3d2c8689ffe.cache pour 360000 secondes
2018-10-26 12:13:41 ::1 (pid 4284) :Pri:!INFO: Creation du cache ca9194e3c54032747bbe9e0294c42f27.cache pour 360000 secondes
2018-10-26 12:13:41 ::1 (pid 4284) :Pri:!INFO: Creation du cache de88dd95fdb1395a93e757fff84cf4b4.cache pour 360000 secondes
2018-10-26 12:13:42 ::1 (pid 4284) :Pri:!INFO: Creation du cache a2463093210f0b6fe83595be0b5a53cf.cache pour 86400 secondes
2018-10-26 12:16:51 ::1 (pid 4284) :Pub:!INFO: Creation du cache 65034ae1294714eec291d151f2da6f8f.cache pour 86400 secondes
2018-10-26 12:32:04 ::1 (pid 4284) :Pub:!INFO: Creation du cache 0269b8aae1dfd4f5e5345454c8b2a033.cache pour 86400 secondes
2018-10-26 13:09:13 ::1 (pid 4284) :Pri:!INFO: Creation du cache dbf4b8058f1d266482ab00eb25dadf2b.cache pour 86400 secondes
2018-10-26 13:22:26 ::1 (pid 4284) :Pub:!INFO: Creation du cache 65034ae1294714eec291d151f2da6f8f.cache pour 86400 secondes
2018-10-26 13:22:27 ::1 (pid 4284) :Pub:!INFO: Creation du cache 65034ae1294714eec291d151f2da6f8f.cache pour 86400 secondes
2018-10-26 13:22:27 ::1 (pid 4284) :Pub:!INFO: Creation du cache 65034ae1294714eec291d151f2da6f8f.cache pour 86400 secondes
2018-10-26 13:22:28 ::1 (pid 4284) :Pub:!INFO: Creation du cache 65034ae1294714eec291d151f2da6f8f.cache pour 86400 secondes
2018-10-26 13:22:28 ::1 (pid 4284) :Pub:!INFO: Creation du cache 65034ae1294714eec291d151f2da6f8f.cache pour 86400 secondes
2018-10-26 13:29:31 ::1 (pid 4284) :Pub:!INFO: Creation du cache ee6faf72d14248c79c869f7988fd181a.cache pour 86400 secondes
2018-10-26 13:29:31 ::1 (pid 4284) :Pub:!INFO: Creation du cache 624dbabbb1340a96c9d9422540d691e7.cache pour 86400 secondes
2018-10-26 13:29:31 ::1 (pid 4284) :Pub:!INFO: Creation du cache 7f3fafc49ab7a6ac1e11962392625418.cache pour 86400 secondes
2018-10-26 13:29:31 ::1 (pid 4284) :Pub:!INFO: Creation du cache 88372ae101905827750fbc53fb273ef8.cache pour 86400 secondes
2018-10-26 13:29:31 ::1 (pid 4284) :Pub:!INFO: Creation du cache bd51f7f47b80d4b6a29dd87b423c0158.cache pour 3600 secondes
2018-10-26 13:29:31 ::1 (pid 4284) :Pub:!INFO: Creation du cache 330149be070710787f6fae2512c1cd1e.cache pour 86400 secondes
2018-10-26 13:30:17 ::1 (pid 4284) :Pri:!INFO: Creation du cache b4cd92cbb4ea49fc477c93837fbdb252.cache pour 86400 secondes
2018-10-26 13:30:21 ::1 (pid 4284) :Pri:!INFO: Creation du cache 6f803a46b524202b2ea948feda284903.cache pour 86400 secondes
2018-10-26 13:32:31 ::1 (pid 4284) :Pub:!INFO: Creation du cache da37a6af91a714dcc6404631d5d9d09a.cache pour 86400 secondes
2018-10-26 13:36:07 ::1 (pid 4284) :Pri:!INFO: Creation du cache 2dadb79ad24c7817f2587688ddfff6ee.cache pour 86400 secondes
2018-10-26 13:37:07 ::1 (pid 4284) :Pub:!INFO: Creation du cache da37a6af91a714dcc6404631d5d9d09a.cache pour 86400 secondes
2018-10-26 13:37:47 ::1 (pid 4284) :Pub:!INFO: Creation du cache e99482496f09220251fdaef5c1a60b6b.cache pour 86400 secondes
2018-10-26 13:37:47 ::1 (pid 4284) :Pub:!INFO: Creation du cache a7631d5d791432178da316c8c9b85fe5.cache pour 86400 secondes
2018-10-26 13:37:47 ::1 (pid 4284) :Pub:!INFO: Creation du cache c100dc334b35736d3f20e92d834aa68b.cache pour 86400 secondes
2018-10-26 13:38:00 ::1 (pid 4284) :Pub:!INFO: Creation du cache 65034ae1294714eec291d151f2da6f8f.cache pour 86400 secondes
2018-10-26 13:39:02 ::1 (pid 4284) :Pub:!INFO: Creation du cache da37a6af91a714dcc6404631d5d9d09a.cache pour 86400 secondes
2018-10-26 13:45:43 ::1 (pid 4284) :Pub:!INFO: Creation du cache da37a6af91a714dcc6404631d5d9d09a.cache pour 86400 secondes
2018-10-26 13:45:45 ::1 (pid 4284) :Pub:!INFO: Creation du cache da37a6af91a714dcc6404631d5d9d09a.cache pour 86400 secondes
2018-10-26 13:51:16 ::1 (pid 4284) :Pub:!INFO: Creation du cache 5e6ff98e6affb411ae829d3aec76e3d4.cache pour 86400 secondes
2018-10-26 13:51:16 ::1 (pid 4284) :Pub:!INFO: Creation du cache 01f8d47876a3615aadc70b5b1c5695aa.cache pour 86400 secondes
2018-10-26 13:51:16 ::1 (pid 4284) :Pub:!INFO: Creation du cache c26f22701ad1482a6ea7498b8014ab64.cache pour 604800 secondes
2018-10-26 13:51:16 ::1 (pid 4284) :Pub:!INFO: Creation du cache ee8010794cf14a58d8e1f33642aa69e2.cache pour 86400 secondes
2018-10-26 13:51:16 ::1 (pid 4284) :Pub:!INFO: Creation du cache cb55437b1b50c478b655526a5cee8003.cache pour 86400 secondes
2018-10-26 13:51:16 ::1 (pid 4284) :Pub:!INFO: Creation du cache 3710a3451ed555bdba9333f1d325e3cb.cache pour 86400 secondes
2018-10-26 13:51:16 ::1 (pid 4284) :Pub:!INFO: Creation du cache 072e4856229dd6444d42f302f2f39766.cache pour 86400 secondes
2018-10-26 13:51:16 ::1 (pid 4284) :Pub:!INFO: Creation du cache 017907aaa9438df8fa76f0b35517d473.cache pour 86400 secondes
2018-10-26 13:51:16 ::1 (pid 4284) :Pub:!INFO: Creation du cache bd51f7f47b80d4b6a29dd87b423c0158.cache pour 3600 secondes
2018-10-26 13:51:16 ::1 (pid 4284) :Pub:!INFO: Creation du cache ea7d91bf7987e54698ca8fb12c437903.cache pour 86400 secondes
2018-10-26 13:51:20 ::1 (pid 4284) :Pri:!INFO: Creation du cache 76aa95e594aba28af13c707aabc9f142.cache pour 86400 secondes
2018-10-26 14:07:11 ::1 (pid 4284) :Pub:!INFO: Creation du cache 18fe42e1f33c5281ce1aefbf7f22d8d1.cache pour 86400 secondes
2018-10-26 14:11:33 ::1 (pid 4284) :Pub:!INFO: Creation du cache da37a6af91a714dcc6404631d5d9d09a.cache pour 86400 secondes
2018-10-26 14:11:46 ::1 (pid 4284) :Pub:!INFO: Creation du cache da37a6af91a714dcc6404631d5d9d09a.cache pour 86400 secondes
